mode: set
github.com/gitbruce/claude-octopus/internal/app/pipeline.go:11.101,13.22 2 1
github.com/gitbruce/claude-octopus/internal/app/pipeline.go:13.22,22.3 2 1
github.com/gitbruce/claude-octopus/internal/app/pipeline.go:23.2,24.16 2 0
github.com/gitbruce/claude-octopus/internal/app/pipeline.go:24.16,26.3 1 0
github.com/gitbruce/claude-octopus/internal/app/pipeline.go:27.2,27.13 1 0
github.com/gitbruce/claude-octopus/internal/app/pipeline.go:27.13,28.54 1 0
github.com/gitbruce/claude-octopus/internal/app/pipeline.go:28.54,30.4 1 0
github.com/gitbruce/claude-octopus/internal/app/pipeline.go:32.2,32.17 1 0
github.com/gitbruce/claude-octopus/internal/execx/run.go:10.75,14.18 4 0
github.com/gitbruce/claude-octopus/internal/execx/run.go:14.18,16.3 1 0
github.com/gitbruce/claude-octopus/internal/execx/run.go:17.2,24.16 8 0
github.com/gitbruce/claude-octopus/internal/execx/run.go:24.16,27.3 2 0
github.com/gitbruce/claude-octopus/internal/execx/run.go:28.2,28.41 1 0
github.com/gitbruce/claude-octopus/internal/execx/run.go:28.41,31.3 2 0
github.com/gitbruce/claude-octopus/internal/execx/run.go:32.2,33.12 2 0
github.com/gitbruce/claude-octopus/internal/execx/run.go:36.54,38.2 1 0
github.com/gitbruce/claude-octopus/internal/runtime/config.go:22.52,25.41 3 0
github.com/gitbruce/claude-octopus/internal/runtime/config.go:25.41,27.3 1 0
github.com/gitbruce/claude-octopus/internal/runtime/config.go:28.2,29.16 2 0
github.com/gitbruce/claude-octopus/internal/runtime/config.go:29.16,31.3 1 0
github.com/gitbruce/claude-octopus/internal/runtime/config.go:32.2,32.48 1 0
github.com/gitbruce/claude-octopus/internal/runtime/config.go:32.48,34.3 1 0
github.com/gitbruce/claude-octopus/internal/runtime/config.go:35.2,35.23 1 0
github.com/gitbruce/claude-octopus/internal/runtime/prerun.go:10.56,11.25 1 0
github.com/gitbruce/claude-octopus/internal/runtime/prerun.go:11.25,13.17 2 0
github.com/gitbruce/claude-octopus/internal/runtime/prerun.go:13.17,15.4 1 0
github.com/gitbruce/claude-octopus/internal/runtime/prerun.go:16.3,16.32 1 0
github.com/gitbruce/claude-octopus/internal/runtime/prerun.go:16.32,17.50 1 0
github.com/gitbruce/claude-octopus/internal/runtime/prerun.go:17.50,19.5 1 0
github.com/gitbruce/claude-octopus/internal/runtime/prerun.go:22.2,22.14 1 0
github.com/gitbruce/claude-octopus/internal/runtime/prerun.go:25.49,26.25 1 0
github.com/gitbruce/claude-octopus/internal/runtime/prerun.go:26.25,28.3 1 0
github.com/gitbruce/claude-octopus/internal/runtime/prerun.go:29.2,29.39 1 0
github.com/gitbruce/claude-octopus/internal/runtime/prerun.go:29.39,30.31 1 0
github.com/gitbruce/claude-octopus/internal/runtime/prerun.go:30.31,31.12 1 0
github.com/gitbruce/claude-octopus/internal/runtime/prerun.go:33.3,33.34 1 0
github.com/gitbruce/claude-octopus/internal/runtime/prerun.go:33.34,35.25 2 0
github.com/gitbruce/claude-octopus/internal/runtime/prerun.go:35.25,37.29 2 0
github.com/gitbruce/claude-octopus/internal/runtime/prerun.go:37.29,39.6 1 0
github.com/gitbruce/claude-octopus/internal/runtime/prerun.go:43.2,43.12 1 0
github.com/gitbruce/claude-octopus/cmd/mp/main.go:9.13,11.2 1 0
github.com/gitbruce/claude-octopus/cmd/mp-devx/main.go:12.13,19.17 7 0
github.com/gitbruce/claude-octopus/cmd/mp-devx/main.go:20.15,21.44 1 0
github.com/gitbruce/claude-octopus/cmd/mp-devx/main.go:21.44,24.4 2 0
github.com/gitbruce/claude-octopus/cmd/mp-devx/main.go:25.16,26.42 1 0
github.com/gitbruce/claude-octopus/cmd/mp-devx/main.go:26.42,29.4 2 0
github.com/gitbruce/claude-octopus/cmd/mp-devx/main.go:30.3,30.27 1 0
github.com/gitbruce/claude-octopus/cmd/mp-devx/main.go:31.15,33.17 2 0
github.com/gitbruce/claude-octopus/cmd/mp-devx/main.go:33.17,36.4 2 0
github.com/gitbruce/claude-octopus/cmd/mp-devx/main.go:37.3,38.76 2 0
github.com/gitbruce/claude-octopus/cmd/mp-devx/main.go:38.76,41.4 2 0
github.com/gitbruce/claude-octopus/cmd/mp-devx/main.go:42.3,42.39 1 0
github.com/gitbruce/claude-octopus/cmd/mp-devx/main.go:42.39,45.4 2 0
github.com/gitbruce/claude-octopus/cmd/mp-devx/main.go:46.3,46.61 1 0
github.com/gitbruce/claude-octopus/cmd/mp-devx/main.go:47.25,48.55 1 0
github.com/gitbruce/claude-octopus/cmd/mp-devx/main.go:48.55,51.4 2 0
github.com/gitbruce/claude-octopus/cmd/mp-devx/main.go:52.3,52.31 1 0
github.com/gitbruce/claude-octopus/cmd/mp-devx/main.go:53.10,55.13 2 0
github.com/gitbruce/claude-octopus/internal/execx/run.go:10.75,14.18 4 0
github.com/gitbruce/claude-octopus/internal/execx/run.go:14.18,16.3 1 0
github.com/gitbruce/claude-octopus/internal/execx/run.go:17.2,24.16 8 0
github.com/gitbruce/claude-octopus/internal/execx/run.go:24.16,27.3 2 0
github.com/gitbruce/claude-octopus/internal/execx/run.go:28.2,28.41 1 0
github.com/gitbruce/claude-octopus/internal/execx/run.go:28.41,31.3 2 0
github.com/gitbruce/claude-octopus/internal/execx/run.go:32.2,33.12 2 0
github.com/gitbruce/claude-octopus/internal/execx/run.go:36.54,38.2 1 0
github.com/gitbruce/claude-octopus/internal/devx/runner.go:17.59,18.15 1 1
github.com/gitbruce/claude-octopus/internal/devx/runner.go:19.89,20.46 1 1
github.com/gitbruce/claude-octopus/internal/devx/runner.go:21.18,22.56 1 0
github.com/gitbruce/claude-octopus/internal/devx/runner.go:23.10,24.53 1 0
github.com/gitbruce/claude-octopus/internal/devx/runner.go:28.46,30.16 2 0
github.com/gitbruce/claude-octopus/internal/devx/runner.go:30.16,32.3 1 0
github.com/gitbruce/claude-octopus/internal/devx/runner.go:33.2,36.18 4 0
github.com/gitbruce/claude-octopus/internal/devx/runner.go:39.57,41.16 2 0
github.com/gitbruce/claude-octopus/internal/devx/runner.go:41.16,43.3 1 0
github.com/gitbruce/claude-octopus/internal/devx/runner.go:44.2,46.16 3 0
github.com/gitbruce/claude-octopus/internal/devx/runner.go:46.16,48.3 1 0
github.com/gitbruce/claude-octopus/internal/devx/runner.go:49.2,49.19 1 0
github.com/gitbruce/claude-octopus/internal/devx/runner.go:49.19,51.3 1 0
github.com/gitbruce/claude-octopus/internal/devx/runner.go:52.2,52.31 1 0
github.com/gitbruce/claude-octopus/internal/devx/runner.go:52.31,53.19 1 0
github.com/gitbruce/claude-octopus/internal/devx/runner.go:53.19,55.4 1 0
github.com/gitbruce/claude-octopus/internal/devx/runner.go:56.3,57.44 2 0
github.com/gitbruce/claude-octopus/internal/devx/runner.go:57.44,59.4 1 0
github.com/gitbruce/claude-octopus/internal/devx/runner.go:61.2,61.12 1 0
github.com/gitbruce/claude-octopus/internal/devx/runner.go:64.46,67.48 3 0
github.com/gitbruce/claude-octopus/internal/devx/runner.go:67.48,69.3 1 0
github.com/gitbruce/claude-octopus/internal/devx/runner.go:70.2,71.25 2 0
github.com/gitbruce/claude-octopus/internal/devx/runner.go:71.25,74.17 3 0
github.com/gitbruce/claude-octopus/internal/devx/runner.go:74.17,76.4 1 0
github.com/gitbruce/claude-octopus/internal/devx/runner.go:77.3,78.49 2 0
github.com/gitbruce/claude-octopus/internal/devx/runner.go:78.49,80.4 1 0
github.com/gitbruce/claude-octopus/internal/devx/runner.go:81.3,81.32 1 0
github.com/gitbruce/claude-octopus/internal/devx/runner.go:81.32,83.4 1 0
github.com/gitbruce/claude-octopus/internal/devx/runner.go:85.2,85.12 1 0
github.com/gitbruce/claude-octopus/internal/devx/runner.go:88.91,89.20 1 0
github.com/gitbruce/claude-octopus/internal/devx/runner.go:89.20,91.3 1 0
github.com/gitbruce/claude-octopus/internal/devx/runner.go:92.2,94.48 3 0
github.com/gitbruce/claude-octopus/internal/devx/runner.go:94.48,96.3 1 0
github.com/gitbruce/claude-octopus/internal/devx/runner.go:97.2,98.97 2 0
github.com/gitbruce/claude-octopus/internal/devx/runner.go:98.97,100.3 1 0
github.com/gitbruce/claude-octopus/internal/devx/runner.go:101.2,101.126 1 0
github.com/gitbruce/claude-octopus/internal/devx/runner.go:101.126,103.3 1 0
github.com/gitbruce/claude-octopus/internal/devx/runner.go:104.2,105.34 2 0
github.com/gitbruce/claude-octopus/internal/devx/runner.go:105.34,108.17 3 0
github.com/gitbruce/claude-octopus/internal/devx/runner.go:108.17,110.4 1 0
github.com/gitbruce/claude-octopus/internal/devx/runner.go:111.3,111.66 1 0
github.com/gitbruce/claude-octopus/internal/devx/runner.go:113.2,113.44 1 0
github.com/gitbruce/claude-octopus/internal/devx/runner.go:113.44,113.82 1 0
github.com/gitbruce/claude-octopus/internal/devx/runner.go:114.2,115.65 2 0
github.com/gitbruce/claude-octopus/internal/devx/runner.go:118.84,119.63 1 0
github.com/gitbruce/claude-octopus/internal/devx/runner.go:119.63,121.3 1 0
github.com/gitbruce/claude-octopus/internal/devx/runner.go:122.2,127.48 3 0
github.com/gitbruce/claude-octopus/internal/util/jsonio.go:9.23,12.38 3 0
github.com/gitbruce/claude-octopus/internal/util/jsonio.go:12.38,15.3 2 0
github.com/gitbruce/claude-octopus/internal/util/paths.go:8.47,9.17 1 0
github.com/gitbruce/claude-octopus/internal/util/paths.go:9.17,11.3 1 0
github.com/gitbruce/claude-octopus/internal/util/paths.go:12.2,13.16 2 0
github.com/gitbruce/claude-octopus/internal/util/paths.go:13.16,15.3 1 0
github.com/gitbruce/claude-octopus/internal/util/paths.go:16.2,16.17 1 0
github.com/gitbruce/claude-octopus/internal/util/paths.go:19.32,21.2 1 0
github.com/gitbruce/claude-octopus/internal/render/banner.go:5.40,7.2 1 0
github.com/gitbruce/claude-octopus/internal/fsboundary/policy.go:9.40,13.2 3 1
github.com/gitbruce/claude-octopus/internal/fsboundary/policy.go:15.62,16.37 1 1
github.com/gitbruce/claude-octopus/internal/fsboundary/policy.go:16.37,18.3 1 1
github.com/gitbruce/claude-octopus/internal/fsboundary/policy.go:19.2,19.68 1 1
github.com/gitbruce/claude-octopus/internal/fsboundary/policy.go:22.65,24.33 2 1
github.com/gitbruce/claude-octopus/internal/fsboundary/policy.go:24.33,26.3 1 1
github.com/gitbruce/claude-octopus/internal/fsboundary/policy.go:27.2,27.76 1 1
github.com/gitbruce/claude-octopus/scripts/check-go-file-length.go:11.13,14.78 3 0
github.com/gitbruce/claude-octopus/scripts/check-go-file-length.go:14.78,15.83 1 0
github.com/gitbruce/claude-octopus/scripts/check-go-file-length.go:15.83,17.4 1 0
github.com/gitbruce/claude-octopus/scripts/check-go-file-length.go:18.3,19.15 2 0
github.com/gitbruce/claude-octopus/scripts/check-go-file-length.go:19.15,21.4 1 0
github.com/gitbruce/claude-octopus/scripts/check-go-file-length.go:22.3,25.16 4 0
github.com/gitbruce/claude-octopus/scripts/check-go-file-length.go:25.16,27.4 1 0
github.com/gitbruce/claude-octopus/scripts/check-go-file-length.go:28.3,28.18 1 0
github.com/gitbruce/claude-octopus/scripts/check-go-file-length.go:28.18,31.4 2 0
github.com/gitbruce/claude-octopus/scripts/check-go-file-length.go:32.3,32.13 1 0
github.com/gitbruce/claude-octopus/scripts/check-go-file-length.go:34.2,34.20 1 0
github.com/gitbruce/claude-octopus/scripts/check-go-file-length.go:34.20,36.3 1 0
github.com/gitbruce/claude-octopus/tmp/main.go:9.13,13.19 3 0
github.com/gitbruce/claude-octopus/tmp/main.go:13.19,15.6 1 0
github.com/gitbruce/claude-octopus/tmp/main.go:16.5,16.49 1 0
github.com/gitbruce/claude-octopus/internal/runtime/config.go:22.52,25.41 3 0
github.com/gitbruce/claude-octopus/internal/runtime/config.go:25.41,27.3 1 0
github.com/gitbruce/claude-octopus/internal/runtime/config.go:28.2,29.16 2 0
github.com/gitbruce/claude-octopus/internal/runtime/config.go:29.16,31.3 1 0
github.com/gitbruce/claude-octopus/internal/runtime/config.go:32.2,32.48 1 0
github.com/gitbruce/claude-octopus/internal/runtime/config.go:32.48,34.3 1 0
github.com/gitbruce/claude-octopus/internal/runtime/config.go:35.2,35.23 1 0
github.com/gitbruce/claude-octopus/internal/runtime/prerun.go:10.56,11.25 1 0
github.com/gitbruce/claude-octopus/internal/runtime/prerun.go:11.25,13.17 2 0
github.com/gitbruce/claude-octopus/internal/runtime/prerun.go:13.17,15.4 1 0
github.com/gitbruce/claude-octopus/internal/runtime/prerun.go:16.3,16.32 1 0
github.com/gitbruce/claude-octopus/internal/runtime/prerun.go:16.32,17.50 1 0
github.com/gitbruce/claude-octopus/internal/runtime/prerun.go:17.50,19.5 1 0
github.com/gitbruce/claude-octopus/internal/runtime/prerun.go:22.2,22.14 1 0
github.com/gitbruce/claude-octopus/internal/runtime/prerun.go:25.49,26.25 1 0
github.com/gitbruce/claude-octopus/internal/runtime/prerun.go:26.25,28.3 1 0
github.com/gitbruce/claude-octopus/internal/runtime/prerun.go:29.2,29.39 1 0
github.com/gitbruce/claude-octopus/internal/runtime/prerun.go:29.39,30.31 1 0
github.com/gitbruce/claude-octopus/internal/runtime/prerun.go:30.31,31.12 1 0
github.com/gitbruce/claude-octopus/internal/runtime/prerun.go:33.3,33.34 1 0
github.com/gitbruce/claude-octopus/internal/runtime/prerun.go:33.34,35.25 2 0
github.com/gitbruce/claude-octopus/internal/runtime/prerun.go:35.25,37.29 2 0
github.com/gitbruce/claude-octopus/internal/runtime/prerun.go:37.29,39.6 1 0
github.com/gitbruce/claude-octopus/internal/runtime/prerun.go:43.2,43.12 1 0
github.com/gitbruce/claude-octopus/internal/execx/run.go:10.75,14.18 4 0
github.com/gitbruce/claude-octopus/internal/execx/run.go:14.18,16.3 1 0
github.com/gitbruce/claude-octopus/internal/execx/run.go:17.2,24.16 8 0
github.com/gitbruce/claude-octopus/internal/execx/run.go:24.16,27.3 2 0
github.com/gitbruce/claude-octopus/internal/execx/run.go:28.2,28.41 1 0
github.com/gitbruce/claude-octopus/internal/execx/run.go:28.41,31.3 2 0
github.com/gitbruce/claude-octopus/internal/execx/run.go:32.2,33.12 2 0
github.com/gitbruce/claude-octopus/internal/execx/run.go:36.54,38.2 1 0
github.com/gitbruce/claude-octopus/internal/providers/claude.go:7.32,7.51 1 1
github.com/gitbruce/claude-octopus/internal/providers/claude.go:8.32,8.47 1 1
github.com/gitbruce/claude-octopus/internal/providers/claude.go:9.72,10.26 1 0
github.com/gitbruce/claude-octopus/internal/providers/claude.go:10.26,12.3 1 0
github.com/gitbruce/claude-octopus/internal/providers/claude.go:13.2,13.84 1 0
github.com/gitbruce/claude-octopus/internal/providers/codex.go:7.31,7.49 1 1
github.com/gitbruce/claude-octopus/internal/providers/codex.go:8.31,8.59 1 1
github.com/gitbruce/claude-octopus/internal/providers/codex.go:9.71,12.2 2 0
github.com/gitbruce/claude-octopus/internal/providers/degrade.go:14.36,16.23 2 1
github.com/gitbruce/claude-octopus/internal/providers/degrade.go:16.23,18.3 1 1
github.com/gitbruce/claude-octopus/internal/providers/degrade.go:19.2,20.12 2 1
github.com/gitbruce/claude-octopus/internal/providers/degrade.go:23.51,26.62 3 1
github.com/gitbruce/claude-octopus/internal/providers/degrade.go:26.62,28.21 2 1
github.com/gitbruce/claude-octopus/internal/providers/degrade.go:28.21,31.4 2 0
github.com/gitbruce/claude-octopus/internal/providers/degrade.go:32.3,33.22 2 1
github.com/gitbruce/claude-octopus/internal/providers/degrade.go:33.22,35.4 1 0
github.com/gitbruce/claude-octopus/internal/providers/degrade.go:36.3,36.12 1 1
github.com/gitbruce/claude-octopus/internal/providers/degrade.go:38.2,38.21 1 1
github.com/gitbruce/claude-octopus/internal/providers/degrade.go:38.21,41.3 2 0
github.com/gitbruce/claude-octopus/internal/providers/degrade.go:42.2,43.20 2 1
github.com/gitbruce/claude-octopus/internal/providers/degrade.go:43.20,45.3 1 1
github.com/gitbruce/claude-octopus/internal/providers/degrade.go:46.2,46.11 1 1
github.com/gitbruce/claude-octopus/internal/providers/detector.go:11.25,16.2 4 1
github.com/gitbruce/claude-octopus/internal/providers/gemini.go:7.32,7.51 1 1
github.com/gitbruce/claude-octopus/internal/providers/gemini.go:8.32,8.61 1 1
github.com/gitbruce/claude-octopus/internal/providers/gemini.go:9.72,12.2 2 0
github.com/gitbruce/claude-octopus/internal/providers/proxy.go:5.26,8.31 3 0
github.com/gitbruce/claude-octopus/internal/providers/proxy.go:8.31,10.3 1 0
github.com/gitbruce/claude-octopus/internal/providers/proxy.go:11.2,12.16 2 0
github.com/gitbruce/claude-octopus/internal/providers/proxy.go:12.16,14.3 1 0
github.com/gitbruce/claude-octopus/internal/providers/proxy.go:15.2,15.17 1 0
github.com/gitbruce/claude-octopus/internal/providers/proxy.go:15.17,17.3 1 0
github.com/gitbruce/claude-octopus/internal/providers/proxy.go:18.2,18.12 1 0
github.com/gitbruce/claude-octopus/internal/providers/quorum.go:3.28,3.45 1 1
github.com/gitbruce/claude-octopus/internal/providers/registry.go:3.28,5.2 1 1
github.com/gitbruce/claude-octopus/internal/providers/router.go:3.38,5.31 2 1
github.com/gitbruce/claude-octopus/internal/providers/router.go:5.31,6.20 1 1
github.com/gitbruce/claude-octopus/internal/providers/router.go:6.20,8.4 1 1
github.com/gitbruce/claude-octopus/internal/providers/router.go:10.2,10.12 1 1
github.com/gitbruce/claude-octopus/internal/providers/router_intent.go:21.76,42.2 5 1
github.com/gitbruce/claude-octopus/internal/providers/router_intent.go:45.60,46.20 1 1
github.com/gitbruce/claude-octopus/internal/providers/router_intent.go:46.20,48.3 1 1
github.com/gitbruce/claude-octopus/internal/providers/router_intent.go:50.2,50.16 1 1
github.com/gitbruce/claude-octopus/internal/providers/router_intent.go:51.30,52.110 1 1
github.com/gitbruce/claude-octopus/internal/providers/router_intent.go:53.24,54.104 1 0
github.com/gitbruce/claude-octopus/internal/providers/router_intent.go:55.26,56.101 1 1
github.com/gitbruce/claude-octopus/internal/providers/router_intent.go:57.27,58.108 1 1
github.com/gitbruce/claude-octopus/internal/providers/router_intent.go:59.16,60.107 1 1
github.com/gitbruce/claude-octopus/internal/providers/router_intent.go:61.26,62.115 1 0
github.com/gitbruce/claude-octopus/internal/providers/router_intent.go:63.10,64.28 1 1
github.com/gitbruce/claude-octopus/internal/providers/router_intent.go:64.28,66.4 1 1
github.com/gitbruce/claude-octopus/internal/providers/router_intent.go:67.3,67.84 1 0
github.com/gitbruce/claude-octopus/internal/providers/router_intent.go:72.49,73.25 1 1
github.com/gitbruce/claude-octopus/internal/providers/router_intent.go:73.25,75.3 1 1
github.com/gitbruce/claude-octopus/internal/providers/router_intent.go:76.2,76.25 1 1
github.com/gitbruce/claude-octopus/internal/providers/router_intent.go:76.25,78.3 1 1
github.com/gitbruce/claude-octopus/internal/providers/router_intent.go:79.2,80.30 2 1
github.com/gitbruce/claude-octopus/internal/providers/router_intent.go:80.30,81.12 1 1
github.com/gitbruce/claude-octopus/internal/providers/router_intent.go:81.12,82.29 1 1
github.com/gitbruce/claude-octopus/internal/providers/router_intent.go:82.29,84.5 1 1
github.com/gitbruce/claude-octopus/internal/providers/router_intent.go:84.10,86.5 1 1
github.com/gitbruce/claude-octopus/internal/providers/router_intent.go:88.3,88.14 1 1
github.com/gitbruce/claude-octopus/internal/providers/router_intent.go:90.2,90.15 1 1
github.com/gitbruce/claude-octopus/internal/providers/router_intent.go:94.40,109.2 2 1
github.com/gitbruce/claude-octopus/internal/providers/router_intent.go:112.33,121.2 1 1
github.com/gitbruce/claude-octopus/internal/faq/classify.go:3.34,4.9 1 0
github.com/gitbruce/claude-octopus/internal/faq/classify.go:5.17,6.19 1 0
github.com/gitbruce/claude-octopus/internal/faq/classify.go:7.10,8.26 1 0
github.com/gitbruce/claude-octopus/internal/faq/dedup.go:3.36,6.27 3 0
github.com/gitbruce/claude-octopus/internal/faq/dedup.go:6.27,8.14 2 0
github.com/gitbruce/claude-octopus/internal/faq/dedup.go:8.14,9.12 1 0
github.com/gitbruce/claude-octopus/internal/faq/dedup.go:11.3,12.23 2 0
github.com/gitbruce/claude-octopus/internal/faq/dedup.go:14.2,14.12 1 0
github.com/gitbruce/claude-octopus/internal/faq/render.go:9.53,12.27 3 1
github.com/gitbruce/claude-octopus/internal/faq/render.go:12.27,16.3 3 1
github.com/gitbruce/claude-octopus/internal/faq/render.go:17.2,17.101 1 1
github.com/gitbruce/claude-octopus/internal/modelroute/route.go:25.29,41.2 1 1
github.com/gitbruce/claude-octopus/internal/modelroute/route.go:43.37,45.48 2 1
github.com/gitbruce/claude-octopus/internal/modelroute/route.go:45.48,46.46 1 0
github.com/gitbruce/claude-octopus/internal/modelroute/route.go:46.46,48.41 2 0
github.com/gitbruce/claude-octopus/internal/modelroute/route.go:48.41,49.34 1 0
github.com/gitbruce/claude-octopus/internal/modelroute/route.go:49.34,51.6 1 0
github.com/gitbruce/claude-octopus/internal/modelroute/route.go:52.5,52.36 1 0
github.com/gitbruce/claude-octopus/internal/modelroute/route.go:52.36,54.6 1 0
github.com/gitbruce/claude-octopus/internal/modelroute/route.go:55.5,55.53 1 0
github.com/gitbruce/claude-octopus/internal/modelroute/route.go:55.53,57.6 1 0
github.com/gitbruce/claude-octopus/internal/modelroute/route.go:61.2,61.12 1 1
github.com/gitbruce/claude-octopus/internal/modelroute/route.go:64.55,69.76 2 1
github.com/gitbruce/claude-octopus/internal/modelroute/route.go:69.76,71.3 1 0
github.com/gitbruce/claude-octopus/internal/modelroute/route.go:72.2,72.45 1 1
github.com/gitbruce/claude-octopus/internal/modelroute/route.go:72.45,75.3 2 1
github.com/gitbruce/claude-octopus/internal/modelroute/route.go:76.2,77.31 2 1
github.com/gitbruce/claude-octopus/internal/modelroute/route.go:77.31,78.39 1 1
github.com/gitbruce/claude-octopus/internal/modelroute/route.go:78.39,80.4 1 0
github.com/gitbruce/claude-octopus/internal/modelroute/route.go:82.2,82.18 1 1
github.com/gitbruce/claude-octopus/internal/modelroute/route.go:85.61,90.35 5 1
github.com/gitbruce/claude-octopus/internal/modelroute/route.go:90.35,92.3 1 0
github.com/gitbruce/claude-octopus/internal/modelroute/route.go:93.2,96.48 4 1
github.com/gitbruce/claude-octopus/internal/modelroute/route.go:96.48,98.3 1 0
github.com/gitbruce/claude-octopus/internal/modelroute/route.go:99.2,106.3 1 1
github.com/gitbruce/claude-octopus/internal/modelroute/route.go:109.46,111.35 2 1
github.com/gitbruce/claude-octopus/internal/modelroute/route.go:111.35,113.3 1 0
github.com/gitbruce/claude-octopus/internal/modelroute/route.go:114.2,115.47 2 1
github.com/gitbruce/claude-octopus/internal/modelroute/route.go:115.47,117.3 1 1
github.com/gitbruce/claude-octopus/internal/modelroute/route.go:118.2,118.10 1 0
github.com/gitbruce/claude-octopus/internal/modelroute/route.go:121.40,122.13 1 1
github.com/gitbruce/claude-octopus/internal/modelroute/route.go:123.30,124.36 1 1
github.com/gitbruce/claude-octopus/internal/modelroute/route.go:125.55,126.40 1 0
github.com/gitbruce/claude-octopus/internal/modelroute/route.go:127.28,128.24 1 1
github.com/gitbruce/claude-octopus/internal/modelroute/route.go:129.30,130.26 1 0
github.com/gitbruce/claude-octopus/internal/modelroute/route.go:131.10,132.26 1 0
github.com/gitbruce/claude-octopus/internal/modelroute/route.go:136.43,137.9 1 1
github.com/gitbruce/claude-octopus/internal/modelroute/route.go:138.41,139.18 1 1
github.com/gitbruce/claude-octopus/internal/modelroute/route.go:140.41,141.18 1 1
github.com/gitbruce/claude-octopus/internal/modelroute/route.go:142.40,143.17 1 0
github.com/gitbruce/claude-octopus/internal/modelroute/route.go:144.10,145.14 1 0
github.com/gitbruce/claude-octopus/internal/hooks/handler.go:11.43,12.26 1 1
github.com/gitbruce/claude-octopus/internal/hooks/handler.go:12.26,14.3 1 0
github.com/gitbruce/claude-octopus/internal/hooks/handler.go:15.2,25.39 3 1
github.com/gitbruce/claude-octopus/internal/hooks/handler.go:28.80,40.2 1 1
github.com/gitbruce/claude-octopus/internal/hooks/handler.go:42.66,43.19 1 1
github.com/gitbruce/claude-octopus/internal/hooks/handler.go:44.22,45.83 1 0
github.com/gitbruce/claude-octopus/internal/hooks/handler.go:46.26,47.56 1 1
github.com/gitbruce/claude-octopus/internal/hooks/handler.go:47.56,50.4 2 1
github.com/gitbruce/claude-octopus/internal/hooks/handler.go:51.3,51.24 1 1
github.com/gitbruce/claude-octopus/internal/hooks/handler.go:51.24,60.4 3 1
github.com/gitbruce/claude-octopus/internal/hooks/handler.go:61.3,61.43 1 0
github.com/gitbruce/claude-octopus/internal/hooks/handler.go:62.20,63.37 1 0
github.com/gitbruce/claude-octopus/internal/hooks/handler.go:64.21,65.38 1 1
github.com/gitbruce/claude-octopus/internal/hooks/handler.go:66.30,67.51 1 1
github.com/gitbruce/claude-octopus/internal/hooks/handler.go:68.10,69.43 1 0
github.com/gitbruce/claude-octopus/internal/hooks/post_tool_use.go:13.71,15.77 2 1
github.com/gitbruce/claude-octopus/internal/hooks/post_tool_use.go:15.77,17.3 1 0
github.com/gitbruce/claude-octopus/internal/hooks/post_tool_use.go:18.2,25.121 7 1
github.com/gitbruce/claude-octopus/internal/hooks/pre_tool_use.go:9.70,10.86 1 0
github.com/gitbruce/claude-octopus/internal/hooks/pre_tool_use.go:10.86,11.55 1 0
github.com/gitbruce/claude-octopus/internal/hooks/pre_tool_use.go:11.55,12.70 1 0
github.com/gitbruce/claude-octopus/internal/hooks/pre_tool_use.go:12.70,14.5 1 0
github.com/gitbruce/claude-octopus/internal/hooks/pre_tool_use.go:17.2,17.42 1 0
github.com/gitbruce/claude-octopus/internal/hooks/session_start.go:8.57,11.26 3 0
github.com/gitbruce/claude-octopus/internal/hooks/session_start.go:11.26,13.3 1 0
github.com/gitbruce/claude-octopus/internal/hooks/session_start.go:14.2,16.12 3 0
github.com/gitbruce/claude-octopus/internal/hooks/stop.go:5.48,6.13 1 1
github.com/gitbruce/claude-octopus/internal/hooks/stop.go:6.13,8.3 1 0
github.com/gitbruce/claude-octopus/internal/hooks/stop.go:9.2,9.148 1 1
github.com/gitbruce/claude-octopus/internal/validation/gates.go:15.54,16.78 1 1
github.com/gitbruce/claude-octopus/internal/validation/gates.go:16.78,18.3 1 1
github.com/gitbruce/claude-octopus/internal/validation/gates.go:19.2,19.34 1 1
github.com/gitbruce/claude-octopus/internal/validation/gates.go:19.34,21.3 1 1
github.com/gitbruce/claude-octopus/internal/validation/gates.go:22.2,22.28 1 1
github.com/gitbruce/claude-octopus/internal/validation/no_shell_runtime.go:17.69,19.27 2 1
github.com/gitbruce/claude-octopus/internal/validation/no_shell_runtime.go:19.27,20.29 1 1
github.com/gitbruce/claude-octopus/internal/validation/no_shell_runtime.go:20.29,23.4 2 1
github.com/gitbruce/claude-octopus/internal/validation/no_shell_runtime.go:25.2,25.12 1 1
github.com/gitbruce/claude-octopus/internal/validation/no_shell_runtime.go:28.74,30.16 2 1
github.com/gitbruce/claude-octopus/internal/validation/no_shell_runtime.go:30.16,32.3 1 0
github.com/gitbruce/claude-octopus/internal/validation/no_shell_runtime.go:34.2,35.26 2 1
github.com/gitbruce/claude-octopus/internal/validation/no_shell_runtime.go:35.26,37.17 2 0
github.com/gitbruce/claude-octopus/internal/validation/no_shell_runtime.go:37.17,39.4 1 0
github.com/gitbruce/claude-octopus/internal/validation/no_shell_runtime.go:40.3,42.16 3 0
github.com/gitbruce/claude-octopus/internal/validation/no_shell_runtime.go:42.16,45.31 3 0
github.com/gitbruce/claude-octopus/internal/validation/no_shell_runtime.go:45.31,48.5 2 0
github.com/gitbruce/claude-octopus/internal/validation/no_shell_runtime.go:50.3,50.33 1 0
github.com/gitbruce/claude-octopus/internal/validation/no_shell_runtime.go:50.33,53.4 2 0
github.com/gitbruce/claude-octopus/internal/validation/no_shell_runtime.go:54.3,54.17 1 0
github.com/gitbruce/claude-octopus/internal/validation/no_shell_runtime.go:57.2,59.17 3 1
github.com/gitbruce/claude-octopus/internal/validation/no_shell_runtime.go:62.67,75.34 3 1
github.com/gitbruce/claude-octopus/internal/validation/no_shell_runtime.go:75.34,78.30 3 0
github.com/gitbruce/claude-octopus/internal/validation/no_shell_runtime.go:78.30,79.47 1 0
github.com/gitbruce/claude-octopus/internal/validation/no_shell_runtime.go:79.47,82.5 2 0
github.com/gitbruce/claude-octopus/internal/validation/no_shell_runtime.go:86.2,86.31 1 1
github.com/gitbruce/claude-octopus/internal/validation/no_shell_runtime.go:86.31,89.17 3 1
github.com/gitbruce/claude-octopus/internal/validation/no_shell_runtime.go:89.17,90.26 1 1
github.com/gitbruce/claude-octopus/internal/validation/no_shell_runtime.go:90.26,91.13 1 1
github.com/gitbruce/claude-octopus/internal/validation/no_shell_runtime.go:93.4,93.19 1 0
github.com/gitbruce/claude-octopus/internal/validation/no_shell_runtime.go:95.3,95.20 1 0
github.com/gitbruce/claude-octopus/internal/validation/no_shell_runtime.go:95.20,97.12 2 0
github.com/gitbruce/claude-octopus/internal/validation/no_shell_runtime.go:99.3,99.83 1 0
github.com/gitbruce/claude-octopus/internal/validation/no_shell_runtime.go:99.83,100.22 1 0
github.com/gitbruce/claude-octopus/internal/validation/no_shell_runtime.go:100.22,102.5 1 0
github.com/gitbruce/claude-octopus/internal/validation/no_shell_runtime.go:103.4,103.17 1 0
github.com/gitbruce/claude-octopus/internal/validation/no_shell_runtime.go:103.17,105.114 2 0
github.com/gitbruce/claude-octopus/internal/validation/no_shell_runtime.go:105.114,107.6 1 0
github.com/gitbruce/claude-octopus/internal/validation/no_shell_runtime.go:108.5,108.15 1 0
github.com/gitbruce/claude-octopus/internal/validation/no_shell_runtime.go:110.4,111.14 2 0
github.com/gitbruce/claude-octopus/internal/validation/no_shell_runtime.go:113.3,113.17 1 0
github.com/gitbruce/claude-octopus/internal/validation/no_shell_runtime.go:113.17,115.4 1 0
github.com/gitbruce/claude-octopus/internal/validation/no_shell_runtime.go:117.2,117.19 1 1
github.com/gitbruce/claude-octopus/internal/validation/no_shell_runtime.go:120.39,122.16 2 1
github.com/gitbruce/claude-octopus/internal/validation/no_shell_runtime.go:122.16,124.3 1 0
github.com/gitbruce/claude-octopus/internal/validation/no_shell_runtime.go:125.2,125.34 1 1
github.com/gitbruce/claude-octopus/internal/validation/no_shell_runtime.go:125.34,127.3 1 0
github.com/gitbruce/claude-octopus/internal/validation/no_shell_runtime.go:128.2,129.97 2 1
github.com/gitbruce/claude-octopus/internal/validation/no_shell_runtime.go:129.97,131.3 1 0
github.com/gitbruce/claude-octopus/internal/validation/no_shell_runtime.go:132.2,132.69 1 1
github.com/gitbruce/claude-octopus/internal/validation/no_shell_runtime.go:132.69,134.3 1 1
github.com/gitbruce/claude-octopus/internal/validation/no_shell_runtime.go:135.2,135.73 1 1
github.com/gitbruce/claude-octopus/internal/validation/no_shell_runtime.go:135.73,137.3 1 0
github.com/gitbruce/claude-octopus/internal/validation/no_shell_runtime.go:138.2,138.71 1 1
github.com/gitbruce/claude-octopus/internal/validation/no_shell_runtime.go:138.71,140.3 1 0
github.com/gitbruce/claude-octopus/internal/validation/no_shell_runtime.go:141.2,141.73 1 1
github.com/gitbruce/claude-octopus/internal/validation/no_shell_runtime.go:141.73,143.3 1 0
github.com/gitbruce/claude-octopus/internal/validation/no_shell_runtime.go:144.2,144.14 1 1
github.com/gitbruce/claude-octopus/internal/validation/types.go:27.74,28.15 1 1
github.com/gitbruce/claude-octopus/internal/validation/types.go:29.21,30.39 1 1
github.com/gitbruce/claude-octopus/internal/validation/types.go:31.19,32.37 1 1
github.com/gitbruce/claude-octopus/internal/validation/types.go:33.18,34.36 1 1
github.com/gitbruce/claude-octopus/internal/validation/types.go:35.19,36.37 1 1
github.com/gitbruce/claude-octopus/internal/validation/types.go:37.20,38.38 1 1
github.com/gitbruce/claude-octopus/internal/validation/types.go:39.10,44.4 1 1
github.com/gitbruce/claude-octopus/internal/validation/types.go:49.55,57.2 2 1
github.com/gitbruce/claude-octopus/internal/validation/types.go:60.53,62.16 2 1
github.com/gitbruce/claude-octopus/internal/validation/types.go:62.16,68.3 1 0
github.com/gitbruce/claude-octopus/internal/validation/types.go:69.2,70.16 2 1
github.com/gitbruce/claude-octopus/internal/validation/types.go:70.16,72.3 1 0
github.com/gitbruce/claude-octopus/internal/validation/types.go:73.2,78.3 1 1
github.com/gitbruce/claude-octopus/internal/validation/types.go:82.52,88.22 2 1
github.com/gitbruce/claude-octopus/internal/validation/types.go:88.22,99.3 1 1
github.com/gitbruce/claude-octopus/internal/validation/types.go:100.2,108.3 1 0
github.com/gitbruce/claude-octopus/internal/validation/types.go:112.53,114.22 2 1
github.com/gitbruce/claude-octopus/internal/validation/types.go:114.22,120.3 1 1
github.com/gitbruce/claude-octopus/internal/validation/types.go:121.2,128.3 1 0
github.com/gitbruce/claude-octopus/internal/validation/types.go:132.54,134.22 2 1
github.com/gitbruce/claude-octopus/internal/validation/types.go:134.22,140.3 1 1
github.com/gitbruce/claude-octopus/internal/validation/types.go:141.2,148.3 1 0
github.com/gitbruce/claude-octopus/internal/validation/types.go:152.44,160.2 1 1
github.com/gitbruce/claude-octopus/internal/context/checker.go:8.37,10.2 1 1
github.com/gitbruce/claude-octopus/internal/context/checker.go:12.42,15.34 3 1
github.com/gitbruce/claude-octopus/internal/context/checker.go:15.34,16.60 1 1
github.com/gitbruce/claude-octopus/internal/context/checker.go:16.60,18.4 1 1
github.com/gitbruce/claude-octopus/internal/context/checker.go:20.2,20.16 1 1
github.com/gitbruce/claude-octopus/internal/context/checker.go:23.39,25.2 1 1
github.com/gitbruce/claude-octopus/internal/context/init_policy.go:28.34,30.58 2 1
github.com/gitbruce/claude-octopus/internal/context/init_policy.go:30.58,38.3 1 0
github.com/gitbruce/claude-octopus/internal/context/init_policy.go:39.2,39.10 1 1
github.com/gitbruce/claude-octopus/internal/context/init_policy.go:42.47,43.21 1 1
github.com/gitbruce/claude-octopus/internal/context/init_policy.go:43.21,45.3 1 0
github.com/gitbruce/claude-octopus/internal/context/init_policy.go:46.2,46.34 1 1
github.com/gitbruce/claude-octopus/internal/context/init_runner.go:11.53,13.41 2 1
github.com/gitbruce/claude-octopus/internal/context/init_runner.go:13.41,14.25 1 1
github.com/gitbruce/claude-octopus/internal/context/init_runner.go:14.25,16.4 1 1
github.com/gitbruce/claude-octopus/internal/context/init_runner.go:17.3,17.18 1 0
github.com/gitbruce/claude-octopus/internal/context/init_runner.go:19.2,19.82 1 1
github.com/gitbruce/claude-octopus/internal/context/init_runner.go:19.82,20.17 1 1
github.com/gitbruce/claude-octopus/internal/context/init_runner.go:20.17,22.4 1 0
github.com/gitbruce/claude-octopus/internal/context/init_runner.go:23.3,24.17 2 1
github.com/gitbruce/claude-octopus/internal/context/init_runner.go:24.17,26.4 1 1
github.com/gitbruce/claude-octopus/internal/context/init_runner.go:27.3,28.13 2 1
github.com/gitbruce/claude-octopus/internal/context/init_runner.go:30.2,30.18 1 1
github.com/gitbruce/claude-octopus/internal/context/init_runner.go:33.52,34.79 1 1
github.com/gitbruce/claude-octopus/internal/context/init_runner.go:34.79,35.17 1 1
github.com/gitbruce/claude-octopus/internal/context/init_runner.go:35.17,37.4 1 0
github.com/gitbruce/claude-octopus/internal/context/init_runner.go:38.3,39.17 2 1
github.com/gitbruce/claude-octopus/internal/context/init_runner.go:39.17,41.4 1 1
github.com/gitbruce/claude-octopus/internal/context/init_runner.go:42.3,42.18 1 1
github.com/gitbruce/claude-octopus/internal/context/init_runner.go:42.18,44.4 1 1
github.com/gitbruce/claude-octopus/internal/context/init_runner.go:45.3,46.13 2 1
github.com/gitbruce/claude-octopus/internal/context/init_runner.go:72.46,73.21 1 0
github.com/gitbruce/claude-octopus/internal/context/init_runner.go:73.21,75.3 1 0
github.com/gitbruce/claude-octopus/internal/context/init_runner.go:76.2,76.39 1 0
github.com/gitbruce/claude-octopus/internal/context/init_runner.go:84.43,85.21 1 0
github.com/gitbruce/claude-octopus/internal/context/init_runner.go:85.21,87.3 1 0
github.com/gitbruce/claude-octopus/internal/context/init_runner.go:88.2,88.49 1 0
github.com/gitbruce/claude-octopus/internal/context/init_runner.go:91.52,96.35 5 1
github.com/gitbruce/claude-octopus/internal/context/init_runner.go:96.35,98.3 1 1
github.com/gitbruce/claude-octopus/internal/context/init_runner.go:99.2,114.3 1 1
github.com/gitbruce/claude-octopus/internal/context/init_runner.go:117.70,118.72 1 1
github.com/gitbruce/claude-octopus/internal/context/init_runner.go:118.72,119.41 1 1
github.com/gitbruce/claude-octopus/internal/context/init_runner.go:119.41,121.4 1 1
github.com/gitbruce/claude-octopus/internal/context/init_runner.go:123.2,123.78 1 1
github.com/gitbruce/claude-octopus/internal/context/init_runner.go:123.78,124.43 1 0
github.com/gitbruce/claude-octopus/internal/context/init_runner.go:124.43,126.4 1 0
github.com/gitbruce/claude-octopus/internal/context/init_runner.go:128.2,128.80 1 1
github.com/gitbruce/claude-octopus/internal/context/init_runner.go:128.80,129.45 1 0
github.com/gitbruce/claude-octopus/internal/context/init_runner.go:129.45,131.4 1 0
github.com/gitbruce/claude-octopus/internal/context/init_runner.go:133.2,133.82 1 1
github.com/gitbruce/claude-octopus/internal/context/init_runner.go:133.82,134.45 1 0
github.com/gitbruce/claude-octopus/internal/context/init_runner.go:134.45,136.4 1 0
github.com/gitbruce/claude-octopus/internal/context/init_runner.go:138.2,143.3 1 1
github.com/gitbruce/claude-octopus/internal/context/init_runner.go:146.67,149.19 3 1
github.com/gitbruce/claude-octopus/internal/context/init_runner.go:149.19,154.3 1 0
github.com/gitbruce/claude-octopus/internal/context/init_runner.go:156.2,157.75 2 1
github.com/gitbruce/claude-octopus/internal/context/init_runner.go:157.75,162.3 1 0
github.com/gitbruce/claude-octopus/internal/context/init_runner.go:163.2,163.65 1 1
github.com/gitbruce/claude-octopus/internal/context/init_runner.go:163.65,168.3 1 0
github.com/gitbruce/claude-octopus/internal/context/init_runner.go:169.2,170.56 2 1
github.com/gitbruce/claude-octopus/internal/context/init_runner.go:170.56,175.3 1 0
github.com/gitbruce/claude-octopus/internal/context/init_runner.go:176.2,176.16 1 1
github.com/gitbruce/claude-octopus/internal/context/init_runner.go:179.52,180.27 1 1
github.com/gitbruce/claude-octopus/internal/context/init_runner.go:180.27,182.3 1 1
github.com/gitbruce/claude-octopus/internal/context/init_runner.go:183.2,183.23 1 1
github.com/gitbruce/claude-octopus/internal/context/init_runner.go:183.23,185.3 1 1
github.com/gitbruce/claude-octopus/internal/context/init_runner.go:186.2,186.27 1 1
github.com/gitbruce/claude-octopus/internal/context/init_runner.go:186.27,188.3 1 1
github.com/gitbruce/claude-octopus/internal/context/init_runner.go:189.2,189.27 1 1
github.com/gitbruce/claude-octopus/internal/context/init_runner.go:189.27,191.3 1 1
github.com/gitbruce/claude-octopus/internal/context/init_runner.go:192.2,192.24 1 1
github.com/gitbruce/claude-octopus/internal/context/init_runner.go:192.24,194.3 1 0
github.com/gitbruce/claude-octopus/internal/context/init_runner.go:195.2,195.27 1 1
github.com/gitbruce/claude-octopus/internal/context/init_runner.go:195.27,197.3 1 1
github.com/gitbruce/claude-octopus/internal/context/init_runner.go:198.2,198.23 1 1
github.com/gitbruce/claude-octopus/internal/context/init_runner.go:198.23,200.3 1 1
github.com/gitbruce/claude-octopus/internal/context/init_runner.go:201.2,201.25 1 1
github.com/gitbruce/claude-octopus/internal/context/init_runner.go:201.25,203.3 1 1
github.com/gitbruce/claude-octopus/internal/context/init_runner.go:204.2,204.24 1 1
github.com/gitbruce/claude-octopus/internal/context/init_runner.go:204.24,206.3 1 0
github.com/gitbruce/claude-octopus/internal/context/init_runner.go:207.2,207.26 1 1
github.com/gitbruce/claude-octopus/internal/context/init_runner.go:207.26,209.3 1 0
github.com/gitbruce/claude-octopus/internal/context/init_runner.go:210.2,210.24 1 1
github.com/gitbruce/claude-octopus/internal/context/init_runner.go:210.24,212.3 1 1
github.com/gitbruce/claude-octopus/internal/context/init_runner.go:213.2,213.31 1 1
github.com/gitbruce/claude-octopus/internal/context/init_runner.go:213.31,215.3 1 0
github.com/gitbruce/claude-octopus/internal/context/init_runner.go:216.2,216.25 1 1
github.com/gitbruce/claude-octopus/internal/context/init_runner.go:216.25,218.3 1 1
github.com/gitbruce/claude-octopus/internal/context/init_runner.go:219.2,219.30 1 1
github.com/gitbruce/claude-octopus/internal/context/init_runner.go:219.30,221.3 1 1
github.com/gitbruce/claude-octopus/internal/context/init_runner.go:224.74,226.16 2 1
github.com/gitbruce/claude-octopus/internal/context/init_runner.go:226.16,228.3 1 0
github.com/gitbruce/claude-octopus/internal/context/init_runner.go:229.2,232.22 4 1
github.com/gitbruce/claude-octopus/internal/context/init_runner.go:232.22,234.3 1 1
github.com/gitbruce/claude-octopus/internal/context/init_runner.go:235.2,346.8 1 1
github.com/gitbruce/claude-octopus/internal/context/init_runner.go:349.44,350.21 1 1
github.com/gitbruce/claude-octopus/internal/context/init_runner.go:350.21,352.3 1 0
github.com/gitbruce/claude-octopus/internal/context/init_runner.go:353.2,354.29 2 1
github.com/gitbruce/claude-octopus/internal/context/init_runner.go:354.29,356.3 1 1
github.com/gitbruce/claude-octopus/internal/context/init_runner.go:357.2,357.34 1 1
github.com/gitbruce/claude-octopus/internal/context/init_runner.go:360.61,361.33 1 1
github.com/gitbruce/claude-octopus/internal/context/init_runner.go:361.33,363.3 1 0
github.com/gitbruce/claude-octopus/internal/context/init_runner.go:366.51,368.18 2 1
github.com/gitbruce/claude-octopus/internal/context/init_runner.go:368.18,370.3 1 1
github.com/gitbruce/claude-octopus/internal/context/init_runner.go:371.2,380.33 2 0
github.com/gitbruce/claude-octopus/internal/context/init_runner.go:380.33,381.13 1 0
github.com/gitbruce/claude-octopus/internal/context/init_runner.go:381.13,383.4 1 0
github.com/gitbruce/claude-octopus/internal/context/init_runner.go:385.2,385.14 1 0
github.com/gitbruce/claude-octopus/internal/context/init_runner.go:388.36,399.2 1 1
github.com/gitbruce/claude-octopus/internal/context/init_runner.go:401.47,403.36 2 1
github.com/gitbruce/claude-octopus/internal/context/init_runner.go:403.36,404.10 1 1
github.com/gitbruce/claude-octopus/internal/context/init_runner.go:404.10,406.4 1 0
github.com/gitbruce/claude-octopus/internal/context/init_runner.go:408.2,416.16 9 1
github.com/gitbruce/claude-octopus/internal/context/init_runner.go:419.65,456.35 4 1
github.com/gitbruce/claude-octopus/internal/context/init_runner.go:456.35,458.10 2 1
github.com/gitbruce/claude-octopus/internal/context/init_runner.go:458.10,460.12 2 0
github.com/gitbruce/claude-octopus/internal/context/init_runner.go:462.3,462.52 1 1
github.com/gitbruce/claude-octopus/internal/context/init_runner.go:462.52,464.4 1 0
github.com/gitbruce/claude-octopus/internal/context/init_runner.go:465.3,465.43 1 1
github.com/gitbruce/claude-octopus/internal/context/init_runner.go:465.43,466.39 1 1
github.com/gitbruce/claude-octopus/internal/context/init_runner.go:466.39,468.5 1 0
github.com/gitbruce/claude-octopus/internal/context/init_runner.go:471.2,471.13 1 1
github.com/gitbruce/claude-octopus/internal/context/init_runner.go:474.63,475.37 1 1
github.com/gitbruce/claude-octopus/internal/context/init_runner.go:475.37,480.3 1 1
github.com/gitbruce/claude-octopus/internal/context/init_runner.go:481.2,483.20 3 1
github.com/gitbruce/claude-octopus/internal/context/init_runner.go:483.20,485.3 1 0
github.com/gitbruce/claude-octopus/internal/context/init_runner.go:486.2,487.15 2 1
github.com/gitbruce/claude-octopus/internal/context/init_runner.go:487.15,488.17 1 1
github.com/gitbruce/claude-octopus/internal/context/init_runner.go:488.17,491.4 2 1
github.com/gitbruce/claude-octopus/internal/context/init_runner.go:494.2,494.73 1 1
github.com/gitbruce/claude-octopus/internal/context/init_runner.go:494.73,496.3 1 0
github.com/gitbruce/claude-octopus/internal/context/init_runner.go:497.2,497.83 1 1
github.com/gitbruce/claude-octopus/internal/context/init_runner.go:497.83,499.3 1 0
github.com/gitbruce/claude-octopus/internal/context/init_runner.go:500.2,500.74 1 1
github.com/gitbruce/claude-octopus/internal/context/init_runner.go:500.74,502.3 1 0
github.com/gitbruce/claude-octopus/internal/context/init_runner.go:503.2,504.16 2 1
github.com/gitbruce/claude-octopus/internal/context/init_runner.go:504.16,506.3 1 0
github.com/gitbruce/claude-octopus/internal/context/init_runner.go:507.2,507.58 1 1
github.com/gitbruce/claude-octopus/internal/context/init_runner.go:507.58,512.3 1 0
github.com/gitbruce/claude-octopus/internal/context/init_runner.go:513.2,513.139 1 1
github.com/gitbruce/claude-octopus/internal/context/init_runner.go:513.139,516.54 3 1
github.com/gitbruce/claude-octopus/internal/context/init_runner.go:516.54,517.42 1 1
github.com/gitbruce/claude-octopus/internal/context/init_runner.go:517.42,518.13 1 0
github.com/gitbruce/claude-octopus/internal/context/init_runner.go:520.4,520.28 1 1
github.com/gitbruce/claude-octopus/internal/context/init_runner.go:522.3,522.64 1 1
github.com/gitbruce/claude-octopus/internal/context/init_runner.go:522.64,524.4 1 0
github.com/gitbruce/claude-octopus/internal/context/init_runner.go:525.3,525.56 1 1
github.com/gitbruce/claude-octopus/internal/context/init_runner.go:525.56,527.4 1 1
github.com/gitbruce/claude-octopus/internal/context/init_runner.go:529.2,529.82 1 1
github.com/gitbruce/claude-octopus/internal/context/init_runner.go:529.82,531.3 1 0
github.com/gitbruce/claude-octopus/internal/context/init_runner.go:532.2,532.12 1 1
github.com/gitbruce/claude-octopus/internal/context/init_runner.go:535.39,538.2 2 0
github.com/gitbruce/claude-octopus/internal/context/loader.go:8.46,10.16 2 0
github.com/gitbruce/claude-octopus/internal/context/loader.go:10.16,12.3 1 0
github.com/gitbruce/claude-octopus/internal/context/loader.go:13.2,13.18 1 0
github.com/gitbruce/claude-octopus/internal/context/setup_contract.go:25.47,27.2 1 1
github.com/gitbruce/claude-octopus/internal/context/setup_contract.go:29.51,32.16 3 1
github.com/gitbruce/claude-octopus/internal/context/setup_contract.go:32.16,34.3 1 1
github.com/gitbruce/claude-octopus/internal/context/setup_contract.go:35.2,36.10 2 0
github.com/gitbruce/claude-octopus/internal/context/setup_contract.go:39.53,41.49 2 1
github.com/gitbruce/claude-octopus/internal/context/setup_contract.go:41.49,43.3 1 0
github.com/gitbruce/claude-octopus/internal/context/setup_contract.go:44.2,45.62 2 1
github.com/gitbruce/claude-octopus/internal/context/setup_contract.go:48.60,51.35 3 1
github.com/gitbruce/claude-octopus/internal/context/setup_contract.go:51.35,53.3 1 1
github.com/gitbruce/claude-octopus/internal/context/setup_contract.go:54.2,67.40 4 1
github.com/gitbruce/claude-octopus/internal/context/setup_contract.go:67.40,69.43 2 0
github.com/gitbruce/claude-octopus/internal/context/setup_contract.go:69.43,71.31 2 0
github.com/gitbruce/claude-octopus/internal/context/setup_contract.go:71.31,73.56 2 0
github.com/gitbruce/claude-octopus/internal/context/setup_contract.go:73.56,75.6 1 0
github.com/gitbruce/claude-octopus/internal/context/setup_contract.go:76.5,76.76 1 0
github.com/gitbruce/claude-octopus/internal/context/setup_contract.go:76.76,78.6 1 0
github.com/gitbruce/claude-octopus/internal/context/setup_contract.go:82.2,95.3 1 1
github.com/gitbruce/claude-octopus/internal/context/setup_contract.go:98.43,99.74 1 1
github.com/gitbruce/claude-octopus/internal/context/setup_contract.go:99.74,100.39 1 0
github.com/gitbruce/claude-octopus/internal/context/setup_contract.go:100.39,102.4 1 0
github.com/gitbruce/claude-octopus/internal/context/setup_contract.go:104.2,104.76 1 1
github.com/gitbruce/claude-octopus/internal/context/setup_contract.go:104.76,106.39 2 0
github.com/gitbruce/claude-octopus/internal/context/setup_contract.go:106.39,108.4 1 0
github.com/gitbruce/claude-octopus/internal/context/setup_contract.go:110.2,110.45 1 1
github.com/gitbruce/claude-octopus/internal/context/setup_contract.go:110.45,112.39 2 1
github.com/gitbruce/claude-octopus/internal/context/setup_contract.go:112.39,114.4 1 0
github.com/gitbruce/claude-octopus/internal/context/setup_contract.go:116.2,116.63 1 1
github.com/gitbruce/claude-octopus/internal/context/setup_contract.go:116.63,118.3 1 0
github.com/gitbruce/claude-octopus/internal/context/setup_contract.go:119.2,119.18 1 1
github.com/gitbruce/claude-octopus/internal/context/summarizer.go:5.56,6.19 1 1
github.com/gitbruce/claude-octopus/internal/context/summarizer.go:6.19,8.3 1 0
github.com/gitbruce/claude-octopus/internal/context/summarizer.go:9.2,11.27 3 1
github.com/gitbruce/claude-octopus/internal/context/summarizer.go:11.27,12.34 1 1
github.com/gitbruce/claude-octopus/internal/context/summarizer.go:12.34,13.12 1 0
github.com/gitbruce/claude-octopus/internal/context/summarizer.go:15.3,16.27 2 1
github.com/gitbruce/claude-octopus/internal/context/summarizer.go:16.27,17.9 1 1
github.com/gitbruce/claude-octopus/internal/context/summarizer.go:20.2,20.32 1 1
github.com/gitbruce/claude-octopus/internal/tracks/checkbox.go:10.58,12.71 2 0
github.com/gitbruce/claude-octopus/internal/tracks/checkbox.go:12.71,14.3 1 0
github.com/gitbruce/claude-octopus/internal/tracks/checkbox.go:15.2,15.46 1 0
github.com/gitbruce/claude-octopus/internal/tracks/checkbox.go:15.46,17.3 1 0
github.com/gitbruce/claude-octopus/internal/tracks/checkbox.go:18.2,19.71 2 0
github.com/gitbruce/claude-octopus/internal/tracks/checkbox.go:19.71,21.3 1 0
github.com/gitbruce/claude-octopus/internal/tracks/checkbox.go:22.2,22.48 1 0
github.com/gitbruce/claude-octopus/internal/tracks/files.go:5.40,7.2 1 0
github.com/gitbruce/claude-octopus/internal/tracks/state.go:15.42,17.2 1 1
github.com/gitbruce/claude-octopus/internal/tracks/state.go:19.55,20.67 1 1
github.com/gitbruce/claude-octopus/internal/tracks/state.go:20.67,22.3 1 0
github.com/gitbruce/claude-octopus/internal/tracks/state.go:23.2,24.16 2 1
github.com/gitbruce/claude-octopus/internal/tracks/state.go:24.16,26.3 1 0
github.com/gitbruce/claude-octopus/internal/tracks/state.go:27.2,28.68 2 1
github.com/gitbruce/claude-octopus/internal/tracks/state.go:28.68,30.3 1 0
github.com/gitbruce/claude-octopus/internal/tracks/state.go:31.2,32.13 2 1
github.com/gitbruce/claude-octopus/internal/tracks/state.go:35.50,39.37 4 1
github.com/gitbruce/claude-octopus/internal/tracks/state.go:39.37,41.17 2 1
github.com/gitbruce/claude-octopus/internal/tracks/state.go:41.17,42.26 1 1
github.com/gitbruce/claude-octopus/internal/tracks/state.go:42.26,45.5 2 1
github.com/gitbruce/claude-octopus/internal/tracks/state.go:46.4,46.14 1 0
github.com/gitbruce/claude-octopus/internal/tracks/state.go:48.3,48.47 1 1
github.com/gitbruce/claude-octopus/internal/tracks/state.go:48.47,50.4 1 0
github.com/gitbruce/claude-octopus/internal/tracks/state.go:51.3,51.23 1 1
github.com/gitbruce/claude-octopus/internal/tracks/state.go:51.23,53.4 1 1
github.com/gitbruce/claude-octopus/internal/tracks/state.go:54.3,54.13 1 1
github.com/gitbruce/claude-octopus/internal/tracks/state.go:56.2,56.15 1 1
github.com/gitbruce/claude-octopus/internal/tracks/state.go:59.51,62.37 3 1
github.com/gitbruce/claude-octopus/internal/tracks/state.go:62.37,63.64 1 1
github.com/gitbruce/claude-octopus/internal/tracks/state.go:63.64,65.4 1 0
github.com/gitbruce/claude-octopus/internal/tracks/state.go:66.3,68.17 3 1
github.com/gitbruce/claude-octopus/internal/tracks/state.go:68.17,70.4 1 0
github.com/gitbruce/claude-octopus/internal/tracks/state.go:71.3,71.67 1 1
github.com/gitbruce/claude-octopus/internal/tracks/state.go:71.67,73.4 1 0
github.com/gitbruce/claude-octopus/internal/tracks/state.go:74.3,74.30 1 1
github.com/gitbruce/claude-octopus/internal/tracks/state_kv.go:9.52,11.16 2 1
github.com/gitbruce/claude-octopus/internal/tracks/state_kv.go:11.16,13.3 1 0
github.com/gitbruce/claude-octopus/internal/tracks/state_kv.go:14.2,14.22 1 1
github.com/gitbruce/claude-octopus/internal/tracks/state_kv.go:14.22,16.3 1 0
github.com/gitbruce/claude-octopus/internal/tracks/state_kv.go:17.2,17.28 1 1
github.com/gitbruce/claude-octopus/internal/tracks/state_kv.go:21.49,23.16 2 1
github.com/gitbruce/claude-octopus/internal/tracks/state_kv.go:23.16,25.3 1 0
github.com/gitbruce/claude-octopus/internal/tracks/state_kv.go:26.2,26.22 1 1
github.com/gitbruce/claude-octopus/internal/tracks/state_kv.go:26.22,28.3 1 0
github.com/gitbruce/claude-octopus/internal/tracks/state_kv.go:29.2,30.34 2 1
github.com/gitbruce/claude-octopus/internal/tracks/state_kv.go:34.67,36.16 2 1
github.com/gitbruce/claude-octopus/internal/tracks/state_kv.go:36.16,38.3 1 0
github.com/gitbruce/claude-octopus/internal/tracks/state_kv.go:39.2,39.22 1 1
github.com/gitbruce/claude-octopus/internal/tracks/state_kv.go:39.22,41.3 1 0
github.com/gitbruce/claude-octopus/internal/tracks/state_kv.go:42.2,42.28 1 1
github.com/gitbruce/claude-octopus/internal/tracks/state_kv.go:42.28,44.3 1 1
github.com/gitbruce/claude-octopus/internal/tracks/state_kv.go:45.2,45.34 1 1
github.com/gitbruce/claude-octopus/internal/tracks/state_kv.go:49.61,51.16 2 1
github.com/gitbruce/claude-octopus/internal/tracks/state_kv.go:51.16,53.3 1 0
github.com/gitbruce/claude-octopus/internal/tracks/state_kv.go:54.2,54.22 1 1
github.com/gitbruce/claude-octopus/internal/tracks/state_kv.go:54.22,56.3 1 0
github.com/gitbruce/claude-octopus/internal/tracks/state_kv.go:58.2,59.30 2 1
github.com/gitbruce/claude-octopus/internal/tracks/state_kv.go:59.30,61.3 1 1
github.com/gitbruce/claude-octopus/internal/tracks/state_kv.go:62.2,62.20 1 1
github.com/gitbruce/claude-octopus/internal/tracks/state_kv.go:66.45,68.16 2 1
github.com/gitbruce/claude-octopus/internal/tracks/state_kv.go:68.16,70.3 1 0
github.com/gitbruce/claude-octopus/internal/tracks/state_kv.go:71.2,71.22 1 1
github.com/gitbruce/claude-octopus/internal/tracks/state_kv.go:71.22,73.3 1 0
github.com/gitbruce/claude-octopus/internal/tracks/state_kv.go:74.2,75.34 2 1
github.com/gitbruce/claude-octopus/internal/tracks/state_kv.go:79.51,81.16 2 0
github.com/gitbruce/claude-octopus/internal/tracks/state_kv.go:81.16,83.3 1 0
github.com/gitbruce/claude-octopus/internal/tracks/state_kv.go:84.2,84.24 1 0
github.com/gitbruce/claude-octopus/internal/tracks/state_kv.go:88.65,90.59 2 0
github.com/gitbruce/claude-octopus/internal/tracks/state_kv.go:90.59,92.3 1 0
github.com/gitbruce/claude-octopus/internal/tracks/state_kv.go:93.2,93.38 1 0
github.com/gitbruce/claude-octopus/internal/tracks/track_id.go:9.39,10.18 1 0
github.com/gitbruce/claude-octopus/internal/tracks/track_id.go:10.18,12.3 1 0
github.com/gitbruce/claude-octopus/internal/tracks/track_id.go:13.2,14.68 2 0
github.com/gitbruce/claude-octopus/internal/cli/root.go:21.29,22.20 1 1
github.com/gitbruce/claude-octopus/internal/cli/root.go:22.20,25.3 2 0
github.com/gitbruce/claude-octopus/internal/cli/root.go:26.2,29.97 4 1
github.com/gitbruce/claude-octopus/internal/cli/root.go:29.97,32.3 2 1
github.com/gitbruce/claude-octopus/internal/cli/root.go:33.2,49.39 14 1
github.com/gitbruce/claude-octopus/internal/cli/root.go:49.39,51.3 1 0
github.com/gitbruce/claude-octopus/internal/cli/root.go:52.2,53.46 2 1
github.com/gitbruce/claude-octopus/internal/cli/root.go:53.46,55.3 1 1
github.com/gitbruce/claude-octopus/internal/cli/root.go:56.2,58.38 2 1
github.com/gitbruce/claude-octopus/internal/cli/root.go:58.38,59.14 1 1
github.com/gitbruce/claude-octopus/internal/cli/root.go:59.14,61.4 1 1
github.com/gitbruce/claude-octopus/internal/cli/root.go:61.9,63.23 2 0
github.com/gitbruce/claude-octopus/internal/cli/root.go:63.23,65.5 1 0
github.com/gitbruce/claude-octopus/internal/cli/root.go:67.3,67.51 1 1
github.com/gitbruce/claude-octopus/internal/cli/root.go:67.51,69.4 1 1
github.com/gitbruce/claude-octopus/internal/cli/root.go:70.3,70.11 1 1
github.com/gitbruce/claude-octopus/internal/cli/root.go:73.2,73.64 1 1
github.com/gitbruce/claude-octopus/internal/cli/root.go:73.64,74.90 1 0
github.com/gitbruce/claude-octopus/internal/cli/root.go:74.90,76.22 2 0
github.com/gitbruce/claude-octopus/internal/cli/root.go:76.22,78.5 1 0
github.com/gitbruce/claude-octopus/internal/cli/root.go:79.4,81.49 3 0
github.com/gitbruce/claude-octopus/internal/cli/root.go:83.3,83.20 1 0
github.com/gitbruce/claude-octopus/internal/cli/root.go:86.2,86.13 1 1
github.com/gitbruce/claude-octopus/internal/cli/root.go:87.14,88.47 1 1
github.com/gitbruce/claude-octopus/internal/cli/root.go:88.47,99.4 1 1
github.com/gitbruce/claude-octopus/internal/cli/root.go:100.3,101.17 2 1
github.com/gitbruce/claude-octopus/internal/cli/root.go:101.17,102.57 1 0
github.com/gitbruce/claude-octopus/internal/cli/root.go:102.57,114.5 1 0
github.com/gitbruce/claude-octopus/internal/cli/root.go:115.4,115.54 1 0
github.com/gitbruce/claude-octopus/internal/cli/root.go:115.54,127.5 1 0
github.com/gitbruce/claude-octopus/internal/cli/root.go:128.4,128.101 1 0
github.com/gitbruce/claude-octopus/internal/cli/root.go:130.3,130.69 1 1
github.com/gitbruce/claude-octopus/internal/cli/root.go:131.15,132.14 1 1
github.com/gitbruce/claude-octopus/internal/cli/root.go:133.14,134.18 1 1
github.com/gitbruce/claude-octopus/internal/cli/root.go:134.18,137.19 2 1
github.com/gitbruce/claude-octopus/internal/cli/root.go:137.19,139.6 1 0
github.com/gitbruce/claude-octopus/internal/cli/root.go:140.5,140.83 1 1
github.com/gitbruce/claude-octopus/internal/cli/root.go:142.4,143.18 2 0
github.com/gitbruce/claude-octopus/internal/cli/root.go:143.18,145.5 1 0
github.com/gitbruce/claude-octopus/internal/cli/root.go:146.4,146.95 1 0
github.com/gitbruce/claude-octopus/internal/cli/root.go:147.14,148.18 1 1
github.com/gitbruce/claude-octopus/internal/cli/root.go:148.18,150.5 1 0
github.com/gitbruce/claude-octopus/internal/cli/root.go:151.4,151.61 1 1
github.com/gitbruce/claude-octopus/internal/cli/root.go:151.61,153.5 1 0
github.com/gitbruce/claude-octopus/internal/cli/root.go:154.4,154.124 1 1
github.com/gitbruce/claude-octopus/internal/cli/root.go:155.17,156.19 1 1
github.com/gitbruce/claude-octopus/internal/cli/root.go:156.19,158.5 1 0
github.com/gitbruce/claude-octopus/internal/cli/root.go:159.4,160.66 2 1
github.com/gitbruce/claude-octopus/internal/cli/root.go:160.66,162.5 1 0
github.com/gitbruce/claude-octopus/internal/cli/root.go:163.4,163.59 1 1
github.com/gitbruce/claude-octopus/internal/cli/root.go:163.59,165.5 1 0
github.com/gitbruce/claude-octopus/internal/cli/root.go:166.4,166.124 1 1
github.com/gitbruce/claude-octopus/internal/cli/root.go:167.11,168.141 1 0
github.com/gitbruce/claude-octopus/internal/cli/root.go:170.17,171.21 1 0
github.com/gitbruce/claude-octopus/internal/cli/root.go:171.21,173.4 1 0
github.com/gitbruce/claude-octopus/internal/cli/root.go:174.3,174.95 1 0
github.com/gitbruce/claude-octopus/internal/cli/root.go:174.95,176.4 1 0
github.com/gitbruce/claude-octopus/internal/cli/root.go:177.3,177.23 1 0
github.com/gitbruce/claude-octopus/internal/cli/root.go:177.23,179.4 1 0
github.com/gitbruce/claude-octopus/internal/cli/root.go:180.3,180.20 1 0
github.com/gitbruce/claude-octopus/internal/cli/root.go:181.18,182.26 1 1
github.com/gitbruce/claude-octopus/internal/cli/root.go:182.26,184.25 1 1
github.com/gitbruce/claude-octopus/internal/cli/root.go:185.21,187.19 2 0
github.com/gitbruce/claude-octopus/internal/cli/root.go:187.19,189.6 1 0
github.com/gitbruce/claude-octopus/internal/cli/root.go:190.5,190.116 1 0
github.com/gitbruce/claude-octopus/internal/cli/root.go:191.20,193.19 2 0
github.com/gitbruce/claude-octopus/internal/cli/root.go:193.19,195.6 1 0
github.com/gitbruce/claude-octopus/internal/cli/root.go:196.5,196.19 1 0
github.com/gitbruce/claude-octopus/internal/cli/root.go:196.19,198.6 1 0
github.com/gitbruce/claude-octopus/internal/cli/root.go:199.5,199.115 1 0
github.com/gitbruce/claude-octopus/internal/cli/root.go:200.19,202.167 1 1
github.com/gitbruce/claude-octopus/internal/cli/root.go:203.20,204.169 1 0
github.com/gitbruce/claude-octopus/internal/cli/root.go:205.20,206.169 1 0
github.com/gitbruce/claude-octopus/internal/cli/root.go:207.12,208.139 1 0
github.com/gitbruce/claude-octopus/internal/cli/root.go:211.3,211.21 1 0
github.com/gitbruce/claude-octopus/internal/cli/root.go:211.21,213.18 2 0
github.com/gitbruce/claude-octopus/internal/cli/root.go:213.18,215.5 1 0
github.com/gitbruce/claude-octopus/internal/cli/root.go:216.4,216.18 1 0
github.com/gitbruce/claude-octopus/internal/cli/root.go:216.18,218.5 1 0
github.com/gitbruce/claude-octopus/internal/cli/root.go:219.4,219.92 1 0
github.com/gitbruce/claude-octopus/internal/cli/root.go:221.3,222.17 2 0
github.com/gitbruce/claude-octopus/internal/cli/root.go:222.17,224.4 1 0
github.com/gitbruce/claude-octopus/internal/cli/root.go:225.3,225.91 1 0
github.com/gitbruce/claude-octopus/internal/cli/root.go:226.14,227.40 1 0
github.com/gitbruce/claude-octopus/internal/cli/root.go:228.30,229.39 1 0
github.com/gitbruce/claude-octopus/internal/cli/root.go:230.16,231.42 1 0
github.com/gitbruce/claude-octopus/internal/cli/root.go:232.17,233.44 1 0
github.com/gitbruce/claude-octopus/internal/cli/root.go:234.27,235.38 1 0
github.com/gitbruce/claude-octopus/internal/cli/root.go:236.17,237.44 1 0
github.com/gitbruce/claude-octopus/internal/cli/root.go:238.16,239.94 1 0
github.com/gitbruce/claude-octopus/internal/cli/root.go:239.94,241.11 2 0
github.com/gitbruce/claude-octopus/internal/cli/root.go:241.11,243.5 1 0
github.com/gitbruce/claude-octopus/internal/cli/root.go:244.4,244.49 1 0
github.com/gitbruce/claude-octopus/internal/cli/root.go:246.3,246.20 1 0
github.com/gitbruce/claude-octopus/internal/cli/root.go:247.17,249.17 2 0
github.com/gitbruce/claude-octopus/internal/cli/root.go:249.17,251.4 1 0
github.com/gitbruce/claude-octopus/internal/cli/root.go:252.3,252.57 1 0
github.com/gitbruce/claude-octopus/internal/cli/root.go:253.14,259.29 5 1
github.com/gitbruce/claude-octopus/internal/cli/root.go:259.29,262.4 2 0
github.com/gitbruce/claude-octopus/internal/cli/root.go:263.3,270.14 2 1
github.com/gitbruce/claude-octopus/internal/cli/root.go:270.14,272.4 1 1
github.com/gitbruce/claude-octopus/internal/cli/root.go:272.9,274.4 1 0
github.com/gitbruce/claude-octopus/internal/cli/root.go:275.3,275.29 1 1
github.com/gitbruce/claude-octopus/internal/cli/root.go:275.29,277.4 1 0
github.com/gitbruce/claude-octopus/internal/cli/root.go:278.3,278.11 1 1
github.com/gitbruce/claude-octopus/internal/cli/root.go:279.16,296.5 2 0
github.com/gitbruce/claude-octopus/internal/cli/root.go:297.15,298.20 1 1
github.com/gitbruce/claude-octopus/internal/cli/root.go:298.20,300.4 1 0
github.com/gitbruce/claude-octopus/internal/cli/root.go:302.3,303.25 2 1
github.com/gitbruce/claude-octopus/internal/cli/root.go:303.25,305.4 1 0
github.com/gitbruce/claude-octopus/internal/cli/root.go:306.3,321.5 1 1
github.com/gitbruce/claude-octopus/internal/cli/root.go:322.14,323.19 1 1
github.com/gitbruce/claude-octopus/internal/cli/root.go:323.19,325.4 1 0
github.com/gitbruce/claude-octopus/internal/cli/root.go:327.3,329.32 3 1
github.com/gitbruce/claude-octopus/internal/cli/root.go:329.32,331.4 1 1
github.com/gitbruce/claude-octopus/internal/cli/root.go:331.9,331.38 1 0
github.com/gitbruce/claude-octopus/internal/cli/root.go:331.38,333.4 1 0
github.com/gitbruce/claude-octopus/internal/cli/root.go:334.3,347.5 1 1
github.com/gitbruce/claude-octopus/internal/cli/root.go:348.18,349.21 1 1
github.com/gitbruce/claude-octopus/internal/cli/root.go:349.21,351.4 1 0
github.com/gitbruce/claude-octopus/internal/cli/root.go:353.3,355.32 3 1
github.com/gitbruce/claude-octopus/internal/cli/root.go:355.32,357.4 1 1
github.com/gitbruce/claude-octopus/internal/cli/root.go:357.9,357.38 1 0
github.com/gitbruce/claude-octopus/internal/cli/root.go:357.38,359.4 1 0
github.com/gitbruce/claude-octopus/internal/cli/root.go:360.3,369.5 1 1
github.com/gitbruce/claude-octopus/internal/cli/root.go:370.10,371.111 1 0
github.com/gitbruce/claude-octopus/internal/cli/status.go:34.56,48.30 7 1
github.com/gitbruce/claude-octopus/internal/cli/status.go:48.30,50.3 1 1
github.com/gitbruce/claude-octopus/internal/cli/status.go:51.2,56.28 4 1
github.com/gitbruce/claude-octopus/internal/cli/status.go:56.28,59.3 2 0
github.com/gitbruce/claude-octopus/internal/cli/status.go:59.8,61.3 1 1
github.com/gitbruce/claude-octopus/internal/cli/status.go:64.2,67.50 2 1
github.com/gitbruce/claude-octopus/internal/cli/status.go:67.50,70.3 2 0
github.com/gitbruce/claude-octopus/internal/cli/status.go:70.8,70.36 1 1
github.com/gitbruce/claude-octopus/internal/cli/status.go:70.36,73.3 2 1
github.com/gitbruce/claude-octopus/internal/cli/status.go:73.8,73.32 1 0
github.com/gitbruce/claude-octopus/internal/cli/status.go:73.32,76.3 2 0
github.com/gitbruce/claude-octopus/internal/cli/status.go:76.8,79.3 2 0
github.com/gitbruce/claude-octopus/internal/cli/status.go:81.2,81.15 1 1
github.com/gitbruce/claude-octopus/internal/execx/run.go:10.75,14.18 4 0
github.com/gitbruce/claude-octopus/internal/execx/run.go:14.18,16.3 1 0
github.com/gitbruce/claude-octopus/internal/execx/run.go:17.2,24.16 8 0
github.com/gitbruce/claude-octopus/internal/execx/run.go:24.16,27.3 2 0
github.com/gitbruce/claude-octopus/internal/execx/run.go:28.2,28.41 1 0
github.com/gitbruce/claude-octopus/internal/execx/run.go:28.41,31.3 2 0
github.com/gitbruce/claude-octopus/internal/execx/run.go:32.2,33.12 2 0
github.com/gitbruce/claude-octopus/internal/execx/run.go:36.54,38.2 1 0
github.com/gitbruce/claude-octopus/internal/runtime/config.go:22.52,25.41 3 0
github.com/gitbruce/claude-octopus/internal/runtime/config.go:25.41,27.3 1 0
github.com/gitbruce/claude-octopus/internal/runtime/config.go:28.2,29.16 2 0
github.com/gitbruce/claude-octopus/internal/runtime/config.go:29.16,31.3 1 0
github.com/gitbruce/claude-octopus/internal/runtime/config.go:32.2,32.48 1 0
github.com/gitbruce/claude-octopus/internal/runtime/config.go:32.48,34.3 1 0
github.com/gitbruce/claude-octopus/internal/runtime/config.go:35.2,35.23 1 0
github.com/gitbruce/claude-octopus/internal/runtime/prerun.go:10.56,11.25 1 0
github.com/gitbruce/claude-octopus/internal/runtime/prerun.go:11.25,13.17 2 0
github.com/gitbruce/claude-octopus/internal/runtime/prerun.go:13.17,15.4 1 0
github.com/gitbruce/claude-octopus/internal/runtime/prerun.go:16.3,16.32 1 0
github.com/gitbruce/claude-octopus/internal/runtime/prerun.go:16.32,17.50 1 0
github.com/gitbruce/claude-octopus/internal/runtime/prerun.go:17.50,19.5 1 0
github.com/gitbruce/claude-octopus/internal/runtime/prerun.go:22.2,22.14 1 0
github.com/gitbruce/claude-octopus/internal/runtime/prerun.go:25.49,26.25 1 0
github.com/gitbruce/claude-octopus/internal/runtime/prerun.go:26.25,28.3 1 0
github.com/gitbruce/claude-octopus/internal/runtime/prerun.go:29.2,29.39 1 0
github.com/gitbruce/claude-octopus/internal/runtime/prerun.go:29.39,30.31 1 0
github.com/gitbruce/claude-octopus/internal/runtime/prerun.go:30.31,31.12 1 0
github.com/gitbruce/claude-octopus/internal/runtime/prerun.go:33.3,33.34 1 0
github.com/gitbruce/claude-octopus/internal/runtime/prerun.go:33.34,35.25 2 0
github.com/gitbruce/claude-octopus/internal/runtime/prerun.go:35.25,37.29 2 0
github.com/gitbruce/claude-octopus/internal/runtime/prerun.go:37.29,39.6 1 0
github.com/gitbruce/claude-octopus/internal/runtime/prerun.go:43.2,43.12 1 0
github.com/gitbruce/claude-octopus/internal/execx/run.go:10.75,14.18 4 0
github.com/gitbruce/claude-octopus/internal/execx/run.go:14.18,16.3 1 0
github.com/gitbruce/claude-octopus/internal/execx/run.go:17.2,24.16 8 0
github.com/gitbruce/claude-octopus/internal/execx/run.go:24.16,27.3 2 0
github.com/gitbruce/claude-octopus/internal/execx/run.go:28.2,28.41 1 0
github.com/gitbruce/claude-octopus/internal/execx/run.go:28.41,31.3 2 0
github.com/gitbruce/claude-octopus/internal/execx/run.go:32.2,33.12 2 0
github.com/gitbruce/claude-octopus/internal/execx/run.go:36.54,38.2 1 0
github.com/gitbruce/claude-octopus/internal/workflows/coverage.go:29.73,40.16 5 1
github.com/gitbruce/claude-octopus/internal/workflows/coverage.go:40.16,41.47 1 0
github.com/gitbruce/claude-octopus/internal/workflows/coverage.go:41.47,42.31 1 0
github.com/gitbruce/claude-octopus/internal/workflows/coverage.go:42.31,44.5 1 0
github.com/gitbruce/claude-octopus/internal/workflows/coverage.go:45.9,49.4 3 0
github.com/gitbruce/claude-octopus/internal/workflows/coverage.go:53.2,56.53 2 1
github.com/gitbruce/claude-octopus/internal/workflows/coverage.go:56.53,58.3 1 0
github.com/gitbruce/claude-octopus/internal/workflows/coverage.go:60.2,60.15 1 1
github.com/gitbruce/claude-octopus/internal/workflows/coverage.go:64.79,70.21 5 1
github.com/gitbruce/claude-octopus/internal/workflows/coverage.go:70.21,75.42 2 1
github.com/gitbruce/claude-octopus/internal/workflows/coverage.go:75.42,78.16 2 1
github.com/gitbruce/claude-octopus/internal/workflows/coverage.go:78.16,84.36 4 1
github.com/gitbruce/claude-octopus/internal/workflows/coverage.go:84.36,85.42 1 1
github.com/gitbruce/claude-octopus/internal/workflows/coverage.go:85.42,87.7 1 1
github.com/gitbruce/claude-octopus/internal/workflows/coverage.go:87.12,88.12 1 1
github.com/gitbruce/claude-octopus/internal/workflows/coverage.go:92.5,92.63 1 1
github.com/gitbruce/claude-octopus/internal/workflows/coverage.go:92.63,95.47 2 1
github.com/gitbruce/claude-octopus/internal/workflows/coverage.go:95.47,101.7 2 1
github.com/gitbruce/claude-octopus/internal/workflows/coverage.go:102.6,103.20 2 1
github.com/gitbruce/claude-octopus/internal/workflows/coverage.go:109.2,112.22 2 1
github.com/gitbruce/claude-octopus/internal/workflows/coverage.go:112.22,114.3 1 1
github.com/gitbruce/claude-octopus/internal/workflows/coverage.go:116.2,116.15 1 1
github.com/gitbruce/claude-octopus/internal/workflows/coverage.go:120.55,129.2 2 1
github.com/gitbruce/claude-octopus/internal/workflows/debate.go:7.51,11.2 3 0
github.com/gitbruce/claude-octopus/internal/workflows/define.go:19.43,31.2 2 0
github.com/gitbruce/claude-octopus/internal/workflows/define.go:34.67,43.30 3 0
github.com/gitbruce/claude-octopus/internal/workflows/define.go:43.30,46.3 2 0
github.com/gitbruce/claude-octopus/internal/workflows/define.go:49.2,50.38 2 0
github.com/gitbruce/claude-octopus/internal/workflows/define.go:50.38,53.3 2 0
github.com/gitbruce/claude-octopus/internal/workflows/define.go:55.2,56.15 2 0
github.com/gitbruce/claude-octopus/internal/workflows/deliver.go:22.44,34.2 2 0
github.com/gitbruce/claude-octopus/internal/workflows/deliver.go:37.96,46.30 3 0
github.com/gitbruce/claude-octopus/internal/workflows/deliver.go:46.30,49.3 2 0
github.com/gitbruce/claude-octopus/internal/workflows/deliver.go:52.2,53.38 2 0
github.com/gitbruce/claude-octopus/internal/workflows/deliver.go:53.38,56.3 2 0
github.com/gitbruce/claude-octopus/internal/workflows/deliver.go:59.2,60.41 2 0
github.com/gitbruce/claude-octopus/internal/workflows/deliver.go:60.41,63.3 2 0
github.com/gitbruce/claude-octopus/internal/workflows/deliver.go:64.2,64.42 1 0
github.com/gitbruce/claude-octopus/internal/workflows/deliver.go:64.42,67.3 2 0
github.com/gitbruce/claude-octopus/internal/workflows/deliver.go:70.2,71.46 2 0
github.com/gitbruce/claude-octopus/internal/workflows/deliver.go:71.46,74.3 2 0
github.com/gitbruce/claude-octopus/internal/workflows/deliver.go:77.2,78.33 2 0
github.com/gitbruce/claude-octopus/internal/workflows/deliver.go:78.33,81.3 2 0
github.com/gitbruce/claude-octopus/internal/workflows/deliver.go:83.2,84.15 2 0
github.com/gitbruce/claude-octopus/internal/workflows/develop.go:21.44,33.2 2 0
github.com/gitbruce/claude-octopus/internal/workflows/develop.go:36.69,45.30 3 0
github.com/gitbruce/claude-octopus/internal/workflows/develop.go:45.30,48.3 2 0
github.com/gitbruce/claude-octopus/internal/workflows/develop.go:51.2,52.33 2 0
github.com/gitbruce/claude-octopus/internal/workflows/develop.go:52.33,55.3 2 0
github.com/gitbruce/claude-octopus/internal/workflows/develop.go:58.2,59.38 2 0
github.com/gitbruce/claude-octopus/internal/workflows/develop.go:59.38,62.3 2 0
github.com/gitbruce/claude-octopus/internal/workflows/develop.go:65.2,68.15 3 0
github.com/gitbruce/claude-octopus/internal/workflows/discover.go:20.45,37.2 3 0
github.com/gitbruce/claude-octopus/internal/workflows/discover.go:40.71,52.30 4 0
github.com/gitbruce/claude-octopus/internal/workflows/discover.go:52.30,55.3 2 0
github.com/gitbruce/claude-octopus/internal/workflows/discover.go:58.2,59.38 2 0
github.com/gitbruce/claude-octopus/internal/workflows/discover.go:59.38,62.3 2 0
github.com/gitbruce/claude-octopus/internal/workflows/discover.go:64.2,65.15 2 0
github.com/gitbruce/claude-octopus/internal/workflows/embrace.go:3.44,5.2 1 0
github.com/gitbruce/claude-octopus/internal/workflows/persona.go:19.59,21.16 2 1
github.com/gitbruce/claude-octopus/internal/workflows/persona.go:21.16,23.3 1 0
github.com/gitbruce/claude-octopus/internal/workflows/persona.go:24.2,24.24 1 1
github.com/gitbruce/claude-octopus/internal/workflows/persona.go:24.24,26.3 1 0
github.com/gitbruce/claude-octopus/internal/workflows/persona.go:27.2,27.43 1 1
github.com/gitbruce/claude-octopus/internal/workflows/persona.go:27.43,27.89 1 1
github.com/gitbruce/claude-octopus/internal/workflows/persona.go:29.2,30.29 2 1
github.com/gitbruce/claude-octopus/internal/workflows/persona.go:30.29,32.3 1 1
github.com/gitbruce/claude-octopus/internal/workflows/persona.go:33.2,33.39 1 1
github.com/gitbruce/claude-octopus/internal/workflows/persona.go:36.71,38.60 2 0
github.com/gitbruce/claude-octopus/internal/workflows/persona.go:38.60,40.17 2 0
github.com/gitbruce/claude-octopus/internal/workflows/persona.go:40.17,42.4 1 0
github.com/gitbruce/claude-octopus/internal/workflows/persona.go:43.3,43.60 1 0
github.com/gitbruce/claude-octopus/internal/workflows/persona.go:46.2,49.16 4 0
github.com/gitbruce/claude-octopus/internal/workflows/persona.go:49.16,51.3 1 0
github.com/gitbruce/claude-octopus/internal/workflows/persona.go:52.2,52.29 1 0
github.com/gitbruce/claude-octopus/internal/workflows/persona.go:52.29,53.21 1 0
github.com/gitbruce/claude-octopus/internal/workflows/persona.go:53.21,62.4 1 0
github.com/gitbruce/claude-octopus/internal/workflows/persona.go:65.2,65.53 1 0
github.com/gitbruce/claude-octopus/internal/workflows/persona.go:68.57,70.16 2 1
github.com/gitbruce/claude-octopus/internal/workflows/persona.go:70.16,72.3 1 0
github.com/gitbruce/claude-octopus/internal/workflows/persona.go:73.2,80.15 6 1
github.com/gitbruce/claude-octopus/internal/workflows/persona.go:80.15,83.24 3 1
github.com/gitbruce/claude-octopus/internal/workflows/persona.go:83.24,85.12 2 1
github.com/gitbruce/claude-octopus/internal/workflows/persona.go:87.3,87.16 1 1
github.com/gitbruce/claude-octopus/internal/workflows/persona.go:87.16,88.12 1 1
github.com/gitbruce/claude-octopus/internal/workflows/persona.go:90.3,90.49 1 1
github.com/gitbruce/claude-octopus/internal/workflows/persona.go:90.49,91.12 1 1
github.com/gitbruce/claude-octopus/internal/workflows/persona.go:93.3,93.100 1 1
github.com/gitbruce/claude-octopus/internal/workflows/persona.go:93.100,94.12 1 0
github.com/gitbruce/claude-octopus/internal/workflows/persona.go:98.3,98.104 1 1
github.com/gitbruce/claude-octopus/internal/workflows/persona.go:98.104,99.26 1 1
github.com/gitbruce/claude-octopus/internal/workflows/persona.go:99.26,100.34 1 1
github.com/gitbruce/claude-octopus/internal/workflows/persona.go:100.34,102.6 1 0
github.com/gitbruce/claude-octopus/internal/workflows/persona.go:103.5,103.28 1 1
github.com/gitbruce/claude-octopus/internal/workflows/persona.go:103.28,105.6 1 0
github.com/gitbruce/claude-octopus/internal/workflows/persona.go:106.5,106.31 1 1
github.com/gitbruce/claude-octopus/internal/workflows/persona.go:108.4,110.12 3 1
github.com/gitbruce/claude-octopus/internal/workflows/persona.go:113.3,113.25 1 1
github.com/gitbruce/claude-octopus/internal/workflows/persona.go:113.25,114.12 1 0
github.com/gitbruce/claude-octopus/internal/workflows/persona.go:116.3,116.40 1 1
github.com/gitbruce/claude-octopus/internal/workflows/persona.go:116.40,118.12 2 1
github.com/gitbruce/claude-octopus/internal/workflows/persona.go:120.3,120.38 1 1
github.com/gitbruce/claude-octopus/internal/workflows/persona.go:120.38,122.12 2 1
github.com/gitbruce/claude-octopus/internal/workflows/persona.go:124.3,124.44 1 1
github.com/gitbruce/claude-octopus/internal/workflows/persona.go:124.44,131.17 7 1
github.com/gitbruce/claude-octopus/internal/workflows/persona.go:131.17,133.5 1 1
github.com/gitbruce/claude-octopus/internal/workflows/persona.go:136.2,136.32 1 1
github.com/gitbruce/claude-octopus/internal/workflows/persona.go:136.32,138.3 1 0
github.com/gitbruce/claude-octopus/internal/workflows/persona.go:139.2,139.24 1 1
github.com/gitbruce/claude-octopus/internal/workflows/persona.go:139.24,140.32 1 1
github.com/gitbruce/claude-octopus/internal/workflows/persona.go:140.32,142.4 1 0
github.com/gitbruce/claude-octopus/internal/workflows/persona.go:143.3,143.26 1 1
github.com/gitbruce/claude-octopus/internal/workflows/persona.go:143.26,145.4 1 0
github.com/gitbruce/claude-octopus/internal/workflows/persona.go:146.3,146.29 1 1
github.com/gitbruce/claude-octopus/internal/workflows/persona.go:148.2,148.17 1 1
github.com/gitbruce/claude-octopus/internal/workflows/persona.go:151.31,153.13 2 1
github.com/gitbruce/claude-octopus/internal/workflows/persona.go:153.13,155.3 1 0
github.com/gitbruce/claude-octopus/internal/workflows/persona.go:156.2,156.10 1 1
github.com/gitbruce/claude-octopus/internal/workflows/persona.go:159.53,161.2 1 0
github.com/gitbruce/claude-octopus/internal/workflows/test_run.go:24.47,34.16 5 1
github.com/gitbruce/claude-octopus/internal/workflows/test_run.go:34.16,36.47 1 0
github.com/gitbruce/claude-octopus/internal/workflows/test_run.go:36.47,37.31 1 0
github.com/gitbruce/claude-octopus/internal/workflows/test_run.go:37.31,39.5 1 0
github.com/gitbruce/claude-octopus/internal/workflows/test_run.go:40.9,44.4 3 0
github.com/gitbruce/claude-octopus/internal/workflows/test_run.go:48.2,51.15 3 1
github.com/gitbruce/claude-octopus/internal/workflows/test_run.go:55.73,59.29 3 1
github.com/gitbruce/claude-octopus/internal/workflows/test_run.go:59.29,61.17 2 1
github.com/gitbruce/claude-octopus/internal/workflows/test_run.go:61.17,62.12 1 1
github.com/gitbruce/claude-octopus/internal/workflows/test_run.go:65.3,66.62 2 1
github.com/gitbruce/claude-octopus/internal/workflows/test_run.go:66.62,67.12 1 0
github.com/gitbruce/claude-octopus/internal/workflows/test_run.go:70.3,74.17 4 1
github.com/gitbruce/claude-octopus/internal/workflows/test_run.go:75.15,76.18 1 1
github.com/gitbruce/claude-octopus/internal/workflows/test_run.go:76.19,78.5 0 1
github.com/gitbruce/claude-octopus/internal/workflows/test_run.go:78.10,81.5 2 1
github.com/gitbruce/claude-octopus/internal/workflows/test_run.go:82.15,83.18 1 1
github.com/gitbruce/claude-octopus/internal/workflows/test_run.go:83.18,87.5 3 1
github.com/gitbruce/claude-octopus/internal/workflows/test_run.go:88.15,89.18 1 0
github.com/gitbruce/claude-octopus/internal/workflows/test_run.go:89.18,92.5 2 0
github.com/gitbruce/claude-octopus/internal/workflows/test_run.go:96.2,99.23 2 1
github.com/gitbruce/claude-octopus/internal/workflows/test_run.go:99.23,101.3 1 1
github.com/gitbruce/claude-octopus/internal/workflows/test_run.go:101.8,101.30 1 1
github.com/gitbruce/claude-octopus/internal/workflows/test_run.go:101.30,103.3 1 1
github.com/gitbruce/claude-octopus/internal/workflows/test_run.go:105.2,105.15 1 1
github.com/gitbruce/claude-octopus/internal/workflows/test_run.go:109.54,121.2 2 1
