mode: set
github.com/gitbruce/claude-octopus/internal/workflows/coverage.go:11.30,13.2 1 1
github.com/gitbruce/claude-octopus/internal/workflows/coverage.go:34.73,40.24 2 1
github.com/gitbruce/claude-octopus/internal/workflows/coverage.go:40.24,43.3 2 1
github.com/gitbruce/claude-octopus/internal/workflows/coverage.go:45.2,50.16 5 0
github.com/gitbruce/claude-octopus/internal/workflows/coverage.go:50.16,51.47 1 0
github.com/gitbruce/claude-octopus/internal/workflows/coverage.go:51.47,52.31 1 0
github.com/gitbruce/claude-octopus/internal/workflows/coverage.go:52.31,54.5 1 0
github.com/gitbruce/claude-octopus/internal/workflows/coverage.go:55.9,59.4 3 0
github.com/gitbruce/claude-octopus/internal/workflows/coverage.go:63.2,66.53 2 0
github.com/gitbruce/claude-octopus/internal/workflows/coverage.go:66.53,68.3 1 0
github.com/gitbruce/claude-octopus/internal/workflows/coverage.go:70.2,70.15 1 0
github.com/gitbruce/claude-octopus/internal/workflows/coverage.go:74.79,80.21 5 1
github.com/gitbruce/claude-octopus/internal/workflows/coverage.go:80.21,85.42 2 1
github.com/gitbruce/claude-octopus/internal/workflows/coverage.go:85.42,88.16 2 1
github.com/gitbruce/claude-octopus/internal/workflows/coverage.go:88.16,94.36 4 1
github.com/gitbruce/claude-octopus/internal/workflows/coverage.go:94.36,95.42 1 1
github.com/gitbruce/claude-octopus/internal/workflows/coverage.go:95.42,97.7 1 1
github.com/gitbruce/claude-octopus/internal/workflows/coverage.go:97.12,98.12 1 1
github.com/gitbruce/claude-octopus/internal/workflows/coverage.go:102.5,102.63 1 1
github.com/gitbruce/claude-octopus/internal/workflows/coverage.go:102.63,105.47 2 1
github.com/gitbruce/claude-octopus/internal/workflows/coverage.go:105.47,111.7 2 1
github.com/gitbruce/claude-octopus/internal/workflows/coverage.go:112.6,113.20 2 1
github.com/gitbruce/claude-octopus/internal/workflows/coverage.go:119.2,122.22 2 1
github.com/gitbruce/claude-octopus/internal/workflows/coverage.go:122.22,124.3 1 1
github.com/gitbruce/claude-octopus/internal/workflows/coverage.go:126.2,126.15 1 1
github.com/gitbruce/claude-octopus/internal/workflows/coverage.go:130.55,139.2 2 1
github.com/gitbruce/claude-octopus/internal/workflows/debate.go:7.51,11.2 3 0
github.com/gitbruce/claude-octopus/internal/workflows/define.go:19.43,31.2 2 0
github.com/gitbruce/claude-octopus/internal/workflows/define.go:34.67,43.30 3 0
github.com/gitbruce/claude-octopus/internal/workflows/define.go:43.30,46.3 2 0
github.com/gitbruce/claude-octopus/internal/workflows/define.go:49.2,50.38 2 0
github.com/gitbruce/claude-octopus/internal/workflows/define.go:50.38,53.3 2 0
github.com/gitbruce/claude-octopus/internal/workflows/define.go:55.2,56.15 2 0
github.com/gitbruce/claude-octopus/internal/workflows/deliver.go:22.44,34.2 2 0
github.com/gitbruce/claude-octopus/internal/workflows/deliver.go:37.96,46.30 3 0
github.com/gitbruce/claude-octopus/internal/workflows/deliver.go:46.30,49.3 2 0
github.com/gitbruce/claude-octopus/internal/workflows/deliver.go:52.2,53.38 2 0
github.com/gitbruce/claude-octopus/internal/workflows/deliver.go:53.38,56.3 2 0
github.com/gitbruce/claude-octopus/internal/workflows/deliver.go:59.2,60.41 2 0
github.com/gitbruce/claude-octopus/internal/workflows/deliver.go:60.41,63.3 2 0
github.com/gitbruce/claude-octopus/internal/workflows/deliver.go:64.2,64.42 1 0
github.com/gitbruce/claude-octopus/internal/workflows/deliver.go:64.42,67.3 2 0
github.com/gitbruce/claude-octopus/internal/workflows/deliver.go:70.2,71.46 2 0
github.com/gitbruce/claude-octopus/internal/workflows/deliver.go:71.46,74.3 2 0
github.com/gitbruce/claude-octopus/internal/workflows/deliver.go:77.2,78.33 2 0
github.com/gitbruce/claude-octopus/internal/workflows/deliver.go:78.33,81.3 2 0
github.com/gitbruce/claude-octopus/internal/workflows/deliver.go:83.2,84.15 2 0
github.com/gitbruce/claude-octopus/internal/workflows/develop.go:21.44,33.2 2 0
github.com/gitbruce/claude-octopus/internal/workflows/develop.go:36.69,45.30 3 0
github.com/gitbruce/claude-octopus/internal/workflows/develop.go:45.30,48.3 2 0
github.com/gitbruce/claude-octopus/internal/workflows/develop.go:51.2,52.33 2 0
github.com/gitbruce/claude-octopus/internal/workflows/develop.go:52.33,55.3 2 0
github.com/gitbruce/claude-octopus/internal/workflows/develop.go:58.2,59.38 2 0
github.com/gitbruce/claude-octopus/internal/workflows/develop.go:59.38,62.3 2 0
github.com/gitbruce/claude-octopus/internal/workflows/develop.go:65.2,68.15 3 0
github.com/gitbruce/claude-octopus/internal/workflows/discover.go:20.45,37.2 3 0
github.com/gitbruce/claude-octopus/internal/workflows/discover.go:40.71,52.30 4 0
github.com/gitbruce/claude-octopus/internal/workflows/discover.go:52.30,55.3 2 0
github.com/gitbruce/claude-octopus/internal/workflows/discover.go:58.2,59.38 2 0
github.com/gitbruce/claude-octopus/internal/workflows/discover.go:59.38,62.3 2 0
github.com/gitbruce/claude-octopus/internal/workflows/discover.go:64.2,65.15 2 0
github.com/gitbruce/claude-octopus/internal/workflows/embrace.go:3.44,5.2 1 0
github.com/gitbruce/claude-octopus/internal/workflows/persona.go:27.88,29.2 1 0
github.com/gitbruce/claude-octopus/internal/workflows/persona.go:31.59,33.16 2 1
github.com/gitbruce/claude-octopus/internal/workflows/persona.go:33.16,35.3 1 0
github.com/gitbruce/claude-octopus/internal/workflows/persona.go:36.2,36.24 1 1
github.com/gitbruce/claude-octopus/internal/workflows/persona.go:36.24,38.3 1 0
github.com/gitbruce/claude-octopus/internal/workflows/persona.go:39.2,39.43 1 1
github.com/gitbruce/claude-octopus/internal/workflows/persona.go:39.43,39.89 1 1
github.com/gitbruce/claude-octopus/internal/workflows/persona.go:41.2,42.29 2 1
github.com/gitbruce/claude-octopus/internal/workflows/persona.go:42.29,44.3 1 1
github.com/gitbruce/claude-octopus/internal/workflows/persona.go:45.2,45.39 1 1
github.com/gitbruce/claude-octopus/internal/workflows/persona.go:48.83,50.60 2 1
github.com/gitbruce/claude-octopus/internal/workflows/persona.go:50.60,52.17 2 0
github.com/gitbruce/claude-octopus/internal/workflows/persona.go:52.17,54.4 1 0
github.com/gitbruce/claude-octopus/internal/workflows/persona.go:55.3,55.60 1 0
github.com/gitbruce/claude-octopus/internal/workflows/persona.go:58.2,60.18 3 1
github.com/gitbruce/claude-octopus/internal/workflows/persona.go:60.18,62.3 1 0
github.com/gitbruce/claude-octopus/internal/workflows/persona.go:63.2,64.16 2 1
github.com/gitbruce/claude-octopus/internal/workflows/persona.go:64.16,66.3 1 1
github.com/gitbruce/claude-octopus/internal/workflows/persona.go:68.2,73.16 3 1
github.com/gitbruce/claude-octopus/internal/workflows/persona.go:73.16,75.3 1 0
github.com/gitbruce/claude-octopus/internal/workflows/persona.go:77.2,77.18 1 1
github.com/gitbruce/claude-octopus/internal/workflows/persona.go:77.18,84.3 1 1
github.com/gitbruce/claude-octopus/internal/workflows/persona.go:86.2,87.18 2 1
github.com/gitbruce/claude-octopus/internal/workflows/persona.go:87.18,89.3 1 0
github.com/gitbruce/claude-octopus/internal/workflows/persona.go:91.2,101.18 3 1
github.com/gitbruce/claude-octopus/internal/workflows/persona.go:101.18,105.3 3 0
github.com/gitbruce/claude-octopus/internal/workflows/persona.go:106.2,106.20 1 1
github.com/gitbruce/claude-octopus/internal/workflows/persona.go:109.45,110.27 1 1
github.com/gitbruce/claude-octopus/internal/workflows/persona.go:110.27,111.33 1 1
github.com/gitbruce/claude-octopus/internal/workflows/persona.go:111.33,113.4 1 1
github.com/gitbruce/claude-octopus/internal/workflows/persona.go:115.2,115.11 1 0
github.com/gitbruce/claude-octopus/internal/workflows/persona.go:118.57,120.16 2 1
github.com/gitbruce/claude-octopus/internal/workflows/persona.go:120.16,122.3 1 0
github.com/gitbruce/claude-octopus/internal/workflows/persona.go:123.2,130.15 6 1
github.com/gitbruce/claude-octopus/internal/workflows/persona.go:130.15,133.24 3 1
github.com/gitbruce/claude-octopus/internal/workflows/persona.go:133.24,135.12 2 1
github.com/gitbruce/claude-octopus/internal/workflows/persona.go:137.3,137.16 1 1
github.com/gitbruce/claude-octopus/internal/workflows/persona.go:137.16,138.12 1 1
github.com/gitbruce/claude-octopus/internal/workflows/persona.go:140.3,140.49 1 1
github.com/gitbruce/claude-octopus/internal/workflows/persona.go:140.49,141.12 1 1
github.com/gitbruce/claude-octopus/internal/workflows/persona.go:143.3,143.100 1 1
github.com/gitbruce/claude-octopus/internal/workflows/persona.go:143.100,144.12 1 0
github.com/gitbruce/claude-octopus/internal/workflows/persona.go:148.3,148.104 1 1
github.com/gitbruce/claude-octopus/internal/workflows/persona.go:148.104,149.26 1 1
github.com/gitbruce/claude-octopus/internal/workflows/persona.go:149.26,150.34 1 1
github.com/gitbruce/claude-octopus/internal/workflows/persona.go:150.34,152.6 1 0
github.com/gitbruce/claude-octopus/internal/workflows/persona.go:153.5,153.28 1 1
github.com/gitbruce/claude-octopus/internal/workflows/persona.go:153.28,155.6 1 0
github.com/gitbruce/claude-octopus/internal/workflows/persona.go:156.5,156.31 1 1
github.com/gitbruce/claude-octopus/internal/workflows/persona.go:158.4,160.12 3 1
github.com/gitbruce/claude-octopus/internal/workflows/persona.go:163.3,163.25 1 1
github.com/gitbruce/claude-octopus/internal/workflows/persona.go:163.25,164.12 1 0
github.com/gitbruce/claude-octopus/internal/workflows/persona.go:166.3,166.40 1 1
github.com/gitbruce/claude-octopus/internal/workflows/persona.go:166.40,168.12 2 1
github.com/gitbruce/claude-octopus/internal/workflows/persona.go:170.3,170.38 1 1
github.com/gitbruce/claude-octopus/internal/workflows/persona.go:170.38,172.12 2 1
github.com/gitbruce/claude-octopus/internal/workflows/persona.go:174.3,174.44 1 1
github.com/gitbruce/claude-octopus/internal/workflows/persona.go:174.44,181.17 7 1
github.com/gitbruce/claude-octopus/internal/workflows/persona.go:181.17,183.5 1 1
github.com/gitbruce/claude-octopus/internal/workflows/persona.go:186.2,186.32 1 1
github.com/gitbruce/claude-octopus/internal/workflows/persona.go:186.32,188.3 1 0
github.com/gitbruce/claude-octopus/internal/workflows/persona.go:189.2,189.24 1 1
github.com/gitbruce/claude-octopus/internal/workflows/persona.go:189.24,190.32 1 1
github.com/gitbruce/claude-octopus/internal/workflows/persona.go:190.32,192.4 1 0
github.com/gitbruce/claude-octopus/internal/workflows/persona.go:193.3,193.26 1 1
github.com/gitbruce/claude-octopus/internal/workflows/persona.go:193.26,195.4 1 0
github.com/gitbruce/claude-octopus/internal/workflows/persona.go:196.3,196.29 1 1
github.com/gitbruce/claude-octopus/internal/workflows/persona.go:198.2,198.17 1 1
github.com/gitbruce/claude-octopus/internal/workflows/persona.go:201.31,203.13 2 1
github.com/gitbruce/claude-octopus/internal/workflows/persona.go:203.13,205.3 1 0
github.com/gitbruce/claude-octopus/internal/workflows/persona.go:206.2,206.10 1 1
github.com/gitbruce/claude-octopus/internal/workflows/persona.go:209.53,211.2 1 1
github.com/gitbruce/claude-octopus/internal/workflows/persona.go:213.35,215.16 2 1
github.com/gitbruce/claude-octopus/internal/workflows/persona.go:215.16,217.3 1 1
github.com/gitbruce/claude-octopus/internal/workflows/persona.go:218.2,218.22 1 1
github.com/gitbruce/claude-octopus/internal/workflows/persona.go:221.95,223.31 2 1
github.com/gitbruce/claude-octopus/internal/workflows/persona.go:223.31,225.3 1 1
github.com/gitbruce/claude-octopus/internal/workflows/persona.go:227.2,227.38 1 1
github.com/gitbruce/claude-octopus/internal/workflows/persona.go:227.38,228.36 1 1
github.com/gitbruce/claude-octopus/internal/workflows/persona.go:228.36,229.12 1 0
github.com/gitbruce/claude-octopus/internal/workflows/persona.go:231.3,232.28 2 1
github.com/gitbruce/claude-octopus/internal/workflows/persona.go:232.28,234.4 1 1
github.com/gitbruce/claude-octopus/internal/workflows/persona.go:237.2,237.22 1 0
github.com/gitbruce/claude-octopus/internal/workflows/persona.go:240.43,243.27 3 1
github.com/gitbruce/claude-octopus/internal/workflows/persona.go:243.27,245.17 2 1
github.com/gitbruce/claude-octopus/internal/workflows/persona.go:245.17,247.4 1 0
github.com/gitbruce/claude-octopus/internal/workflows/persona.go:248.3,249.30 2 1
github.com/gitbruce/claude-octopus/internal/workflows/persona.go:249.30,251.4 1 1
github.com/gitbruce/claude-octopus/internal/workflows/persona.go:252.3,253.30 2 1
github.com/gitbruce/claude-octopus/internal/workflows/persona.go:256.2,258.85 2 1
github.com/gitbruce/claude-octopus/internal/workflows/persona.go:258.85,260.103 2 1
github.com/gitbruce/claude-octopus/internal/workflows/persona.go:260.103,262.4 1 1
github.com/gitbruce/claude-octopus/internal/workflows/persona.go:265.2,265.14 1 1
github.com/gitbruce/claude-octopus/internal/workflows/persona.go:268.41,270.40 2 1
github.com/gitbruce/claude-octopus/internal/workflows/persona.go:270.40,272.3 1 1
github.com/gitbruce/claude-octopus/internal/workflows/persona.go:273.2,273.32 1 1
github.com/gitbruce/claude-octopus/internal/workflows/test_run.go:25.47,30.24 2 1
github.com/gitbruce/claude-octopus/internal/workflows/test_run.go:30.24,33.3 2 1
github.com/gitbruce/claude-octopus/internal/workflows/test_run.go:35.2,40.16 5 0
github.com/gitbruce/claude-octopus/internal/workflows/test_run.go:40.16,42.47 1 0
github.com/gitbruce/claude-octopus/internal/workflows/test_run.go:42.47,43.31 1 0
github.com/gitbruce/claude-octopus/internal/workflows/test_run.go:43.31,45.5 1 0
github.com/gitbruce/claude-octopus/internal/workflows/test_run.go:46.9,50.4 3 0
github.com/gitbruce/claude-octopus/internal/workflows/test_run.go:54.2,57.15 3 0
github.com/gitbruce/claude-octopus/internal/workflows/test_run.go:61.73,65.29 3 1
github.com/gitbruce/claude-octopus/internal/workflows/test_run.go:65.29,67.17 2 1
github.com/gitbruce/claude-octopus/internal/workflows/test_run.go:67.17,68.12 1 1
github.com/gitbruce/claude-octopus/internal/workflows/test_run.go:71.3,72.62 2 1
github.com/gitbruce/claude-octopus/internal/workflows/test_run.go:72.62,73.12 1 0
github.com/gitbruce/claude-octopus/internal/workflows/test_run.go:76.3,80.17 4 1
github.com/gitbruce/claude-octopus/internal/workflows/test_run.go:81.15,82.18 1 1
github.com/gitbruce/claude-octopus/internal/workflows/test_run.go:82.19,84.5 0 0
github.com/gitbruce/claude-octopus/internal/workflows/test_run.go:84.10,87.5 2 1
github.com/gitbruce/claude-octopus/internal/workflows/test_run.go:88.15,89.18 1 1
github.com/gitbruce/claude-octopus/internal/workflows/test_run.go:89.18,93.5 3 1
github.com/gitbruce/claude-octopus/internal/workflows/test_run.go:94.15,95.18 1 0
github.com/gitbruce/claude-octopus/internal/workflows/test_run.go:95.18,98.5 2 0
github.com/gitbruce/claude-octopus/internal/workflows/test_run.go:102.2,105.23 2 1
github.com/gitbruce/claude-octopus/internal/workflows/test_run.go:105.23,107.3 1 1
github.com/gitbruce/claude-octopus/internal/workflows/test_run.go:107.8,107.30 1 1
github.com/gitbruce/claude-octopus/internal/workflows/test_run.go:107.30,109.3 1 1
github.com/gitbruce/claude-octopus/internal/workflows/test_run.go:111.2,111.15 1 1
github.com/gitbruce/claude-octopus/internal/workflows/test_run.go:115.54,127.2 2 1
