mode: set
github.com/gitbruce/claude-octopus/internal/workflows/coverage.go:29.73,40.16 5 1
github.com/gitbruce/claude-octopus/internal/workflows/coverage.go:40.16,41.47 1 0
github.com/gitbruce/claude-octopus/internal/workflows/coverage.go:41.47,42.31 1 0
github.com/gitbruce/claude-octopus/internal/workflows/coverage.go:42.31,44.5 1 0
github.com/gitbruce/claude-octopus/internal/workflows/coverage.go:45.9,49.4 3 0
github.com/gitbruce/claude-octopus/internal/workflows/coverage.go:53.2,56.53 2 1
github.com/gitbruce/claude-octopus/internal/workflows/coverage.go:56.53,58.3 1 0
github.com/gitbruce/claude-octopus/internal/workflows/coverage.go:60.2,60.15 1 1
github.com/gitbruce/claude-octopus/internal/workflows/coverage.go:64.79,70.21 5 1
github.com/gitbruce/claude-octopus/internal/workflows/coverage.go:70.21,75.42 2 1
github.com/gitbruce/claude-octopus/internal/workflows/coverage.go:75.42,78.16 2 1
github.com/gitbruce/claude-octopus/internal/workflows/coverage.go:78.16,84.36 4 1
github.com/gitbruce/claude-octopus/internal/workflows/coverage.go:84.36,85.42 1 1
github.com/gitbruce/claude-octopus/internal/workflows/coverage.go:85.42,87.7 1 1
github.com/gitbruce/claude-octopus/internal/workflows/coverage.go:87.12,88.12 1 1
github.com/gitbruce/claude-octopus/internal/workflows/coverage.go:92.5,92.63 1 1
github.com/gitbruce/claude-octopus/internal/workflows/coverage.go:92.63,95.47 2 1
github.com/gitbruce/claude-octopus/internal/workflows/coverage.go:95.47,101.7 2 1
github.com/gitbruce/claude-octopus/internal/workflows/coverage.go:102.6,103.20 2 1
github.com/gitbruce/claude-octopus/internal/workflows/coverage.go:109.2,112.22 2 1
github.com/gitbruce/claude-octopus/internal/workflows/coverage.go:112.22,114.3 1 1
github.com/gitbruce/claude-octopus/internal/workflows/coverage.go:116.2,116.15 1 1
github.com/gitbruce/claude-octopus/internal/workflows/coverage.go:120.55,129.2 2 1
github.com/gitbruce/claude-octopus/internal/workflows/debate.go:7.51,11.2 3 0
github.com/gitbruce/claude-octopus/internal/workflows/define.go:19.43,31.2 2 0
github.com/gitbruce/claude-octopus/internal/workflows/define.go:34.67,43.30 3 0
github.com/gitbruce/claude-octopus/internal/workflows/define.go:43.30,46.3 2 0
github.com/gitbruce/claude-octopus/internal/workflows/define.go:49.2,50.38 2 0
github.com/gitbruce/claude-octopus/internal/workflows/define.go:50.38,53.3 2 0
github.com/gitbruce/claude-octopus/internal/workflows/define.go:55.2,56.15 2 0
github.com/gitbruce/claude-octopus/internal/workflows/deliver.go:22.44,34.2 2 0
github.com/gitbruce/claude-octopus/internal/workflows/deliver.go:37.96,46.30 3 0
github.com/gitbruce/claude-octopus/internal/workflows/deliver.go:46.30,49.3 2 0
github.com/gitbruce/claude-octopus/internal/workflows/deliver.go:52.2,53.38 2 0
github.com/gitbruce/claude-octopus/internal/workflows/deliver.go:53.38,56.3 2 0
github.com/gitbruce/claude-octopus/internal/workflows/deliver.go:59.2,60.41 2 0
github.com/gitbruce/claude-octopus/internal/workflows/deliver.go:60.41,63.3 2 0
github.com/gitbruce/claude-octopus/internal/workflows/deliver.go:64.2,64.42 1 0
github.com/gitbruce/claude-octopus/internal/workflows/deliver.go:64.42,67.3 2 0
github.com/gitbruce/claude-octopus/internal/workflows/deliver.go:70.2,71.46 2 0
github.com/gitbruce/claude-octopus/internal/workflows/deliver.go:71.46,74.3 2 0
github.com/gitbruce/claude-octopus/internal/workflows/deliver.go:77.2,78.33 2 0
github.com/gitbruce/claude-octopus/internal/workflows/deliver.go:78.33,81.3 2 0
github.com/gitbruce/claude-octopus/internal/workflows/deliver.go:83.2,84.15 2 0
github.com/gitbruce/claude-octopus/internal/workflows/develop.go:21.44,33.2 2 0
github.com/gitbruce/claude-octopus/internal/workflows/develop.go:36.69,45.30 3 0
github.com/gitbruce/claude-octopus/internal/workflows/develop.go:45.30,48.3 2 0
github.com/gitbruce/claude-octopus/internal/workflows/develop.go:51.2,52.33 2 0
github.com/gitbruce/claude-octopus/internal/workflows/develop.go:52.33,55.3 2 0
github.com/gitbruce/claude-octopus/internal/workflows/develop.go:58.2,59.38 2 0
github.com/gitbruce/claude-octopus/internal/workflows/develop.go:59.38,62.3 2 0
github.com/gitbruce/claude-octopus/internal/workflows/develop.go:65.2,68.15 3 0
github.com/gitbruce/claude-octopus/internal/workflows/discover.go:20.45,37.2 3 0
github.com/gitbruce/claude-octopus/internal/workflows/discover.go:40.71,52.30 4 0
github.com/gitbruce/claude-octopus/internal/workflows/discover.go:52.30,55.3 2 0
github.com/gitbruce/claude-octopus/internal/workflows/discover.go:58.2,59.38 2 0
github.com/gitbruce/claude-octopus/internal/workflows/discover.go:59.38,62.3 2 0
github.com/gitbruce/claude-octopus/internal/workflows/discover.go:64.2,65.15 2 0
github.com/gitbruce/claude-octopus/internal/workflows/embrace.go:3.44,5.2 1 0
github.com/gitbruce/claude-octopus/internal/workflows/persona.go:19.59,21.16 2 1
github.com/gitbruce/claude-octopus/internal/workflows/persona.go:21.16,23.3 1 0
github.com/gitbruce/claude-octopus/internal/workflows/persona.go:24.2,24.24 1 1
github.com/gitbruce/claude-octopus/internal/workflows/persona.go:24.24,26.3 1 0
github.com/gitbruce/claude-octopus/internal/workflows/persona.go:27.2,27.43 1 1
github.com/gitbruce/claude-octopus/internal/workflows/persona.go:27.43,27.89 1 1
github.com/gitbruce/claude-octopus/internal/workflows/persona.go:29.2,30.29 2 1
github.com/gitbruce/claude-octopus/internal/workflows/persona.go:30.29,32.3 1 1
github.com/gitbruce/claude-octopus/internal/workflows/persona.go:33.2,33.39 1 1
github.com/gitbruce/claude-octopus/internal/workflows/persona.go:36.71,38.60 2 0
github.com/gitbruce/claude-octopus/internal/workflows/persona.go:38.60,40.17 2 0
github.com/gitbruce/claude-octopus/internal/workflows/persona.go:40.17,42.4 1 0
github.com/gitbruce/claude-octopus/internal/workflows/persona.go:43.3,43.60 1 0
github.com/gitbruce/claude-octopus/internal/workflows/persona.go:46.2,49.16 4 0
github.com/gitbruce/claude-octopus/internal/workflows/persona.go:49.16,51.3 1 0
github.com/gitbruce/claude-octopus/internal/workflows/persona.go:52.2,52.29 1 0
github.com/gitbruce/claude-octopus/internal/workflows/persona.go:52.29,53.21 1 0
github.com/gitbruce/claude-octopus/internal/workflows/persona.go:53.21,62.4 1 0
github.com/gitbruce/claude-octopus/internal/workflows/persona.go:65.2,65.53 1 0
github.com/gitbruce/claude-octopus/internal/workflows/persona.go:68.57,70.16 2 1
github.com/gitbruce/claude-octopus/internal/workflows/persona.go:70.16,72.3 1 0
github.com/gitbruce/claude-octopus/internal/workflows/persona.go:73.2,80.15 6 1
github.com/gitbruce/claude-octopus/internal/workflows/persona.go:80.15,83.24 3 1
github.com/gitbruce/claude-octopus/internal/workflows/persona.go:83.24,85.12 2 1
github.com/gitbruce/claude-octopus/internal/workflows/persona.go:87.3,87.16 1 1
github.com/gitbruce/claude-octopus/internal/workflows/persona.go:87.16,88.12 1 1
github.com/gitbruce/claude-octopus/internal/workflows/persona.go:90.3,90.49 1 1
github.com/gitbruce/claude-octopus/internal/workflows/persona.go:90.49,91.12 1 1
github.com/gitbruce/claude-octopus/internal/workflows/persona.go:93.3,93.100 1 1
github.com/gitbruce/claude-octopus/internal/workflows/persona.go:93.100,94.12 1 0
github.com/gitbruce/claude-octopus/internal/workflows/persona.go:98.3,98.104 1 1
github.com/gitbruce/claude-octopus/internal/workflows/persona.go:98.104,99.26 1 1
github.com/gitbruce/claude-octopus/internal/workflows/persona.go:99.26,100.34 1 1
github.com/gitbruce/claude-octopus/internal/workflows/persona.go:100.34,102.6 1 0
github.com/gitbruce/claude-octopus/internal/workflows/persona.go:103.5,103.28 1 1
github.com/gitbruce/claude-octopus/internal/workflows/persona.go:103.28,105.6 1 0
github.com/gitbruce/claude-octopus/internal/workflows/persona.go:106.5,106.31 1 1
github.com/gitbruce/claude-octopus/internal/workflows/persona.go:108.4,110.12 3 1
github.com/gitbruce/claude-octopus/internal/workflows/persona.go:113.3,113.25 1 1
github.com/gitbruce/claude-octopus/internal/workflows/persona.go:113.25,114.12 1 0
github.com/gitbruce/claude-octopus/internal/workflows/persona.go:116.3,116.40 1 1
github.com/gitbruce/claude-octopus/internal/workflows/persona.go:116.40,118.12 2 1
github.com/gitbruce/claude-octopus/internal/workflows/persona.go:120.3,120.38 1 1
github.com/gitbruce/claude-octopus/internal/workflows/persona.go:120.38,122.12 2 1
github.com/gitbruce/claude-octopus/internal/workflows/persona.go:124.3,124.44 1 1
github.com/gitbruce/claude-octopus/internal/workflows/persona.go:124.44,131.17 7 1
github.com/gitbruce/claude-octopus/internal/workflows/persona.go:131.17,133.5 1 1
github.com/gitbruce/claude-octopus/internal/workflows/persona.go:136.2,136.32 1 1
github.com/gitbruce/claude-octopus/internal/workflows/persona.go:136.32,138.3 1 0
github.com/gitbruce/claude-octopus/internal/workflows/persona.go:139.2,139.24 1 1
github.com/gitbruce/claude-octopus/internal/workflows/persona.go:139.24,140.32 1 1
github.com/gitbruce/claude-octopus/internal/workflows/persona.go:140.32,142.4 1 0
github.com/gitbruce/claude-octopus/internal/workflows/persona.go:143.3,143.26 1 1
github.com/gitbruce/claude-octopus/internal/workflows/persona.go:143.26,145.4 1 0
github.com/gitbruce/claude-octopus/internal/workflows/persona.go:146.3,146.29 1 1
github.com/gitbruce/claude-octopus/internal/workflows/persona.go:148.2,148.17 1 1
github.com/gitbruce/claude-octopus/internal/workflows/persona.go:151.31,153.13 2 1
github.com/gitbruce/claude-octopus/internal/workflows/persona.go:153.13,155.3 1 0
github.com/gitbruce/claude-octopus/internal/workflows/persona.go:156.2,156.10 1 1
github.com/gitbruce/claude-octopus/internal/workflows/persona.go:159.53,161.2 1 0
github.com/gitbruce/claude-octopus/internal/workflows/test_run.go:24.47,34.16 5 1
github.com/gitbruce/claude-octopus/internal/workflows/test_run.go:34.16,36.47 1 0
github.com/gitbruce/claude-octopus/internal/workflows/test_run.go:36.47,37.31 1 0
github.com/gitbruce/claude-octopus/internal/workflows/test_run.go:37.31,39.5 1 0
github.com/gitbruce/claude-octopus/internal/workflows/test_run.go:40.9,44.4 3 0
github.com/gitbruce/claude-octopus/internal/workflows/test_run.go:48.2,51.15 3 1
github.com/gitbruce/claude-octopus/internal/workflows/test_run.go:55.73,59.29 3 1
github.com/gitbruce/claude-octopus/internal/workflows/test_run.go:59.29,61.17 2 1
github.com/gitbruce/claude-octopus/internal/workflows/test_run.go:61.17,62.12 1 1
github.com/gitbruce/claude-octopus/internal/workflows/test_run.go:65.3,66.62 2 1
github.com/gitbruce/claude-octopus/internal/workflows/test_run.go:66.62,67.12 1 0
github.com/gitbruce/claude-octopus/internal/workflows/test_run.go:70.3,74.17 4 1
github.com/gitbruce/claude-octopus/internal/workflows/test_run.go:75.15,76.18 1 1
github.com/gitbruce/claude-octopus/internal/workflows/test_run.go:76.19,78.5 0 1
github.com/gitbruce/claude-octopus/internal/workflows/test_run.go:78.10,81.5 2 1
github.com/gitbruce/claude-octopus/internal/workflows/test_run.go:82.15,83.18 1 1
github.com/gitbruce/claude-octopus/internal/workflows/test_run.go:83.18,87.5 3 1
github.com/gitbruce/claude-octopus/internal/workflows/test_run.go:88.15,89.18 1 0
github.com/gitbruce/claude-octopus/internal/workflows/test_run.go:89.18,92.5 2 0
github.com/gitbruce/claude-octopus/internal/workflows/test_run.go:96.2,99.23 2 1
github.com/gitbruce/claude-octopus/internal/workflows/test_run.go:99.23,101.3 1 1
github.com/gitbruce/claude-octopus/internal/workflows/test_run.go:101.8,101.30 1 1
github.com/gitbruce/claude-octopus/internal/workflows/test_run.go:101.30,103.3 1 1
github.com/gitbruce/claude-octopus/internal/workflows/test_run.go:105.2,105.15 1 1
github.com/gitbruce/claude-octopus/internal/workflows/test_run.go:109.54,121.2 2 1
